<?xml version="1.0" encoding="UTF-8"?>
<testsuites name="Survey_suite_model" time="718.352" tests="11" passed="9" failures="2" errors="0" incompleted="0" skipped="0">
   <testsuite name="Survey_suite_model" tests="11" passed="9" failures="2" errors="0" incompleted="0" skipped="0" time="718.352" timestamp="2026-05-26T21:01:13.465Z" hostname="CROWN-STAFF - DESKTOP-4SI0S1N" id="Test Suites/Survey_suite_model" status="FAILED">
      <properties>
[...]
</properties>
      <testcase name="Test Cases/Authentication/TC_Login" time="28.181" classname="Test Cases/Authentication/TC_Login" status="PASSED">
         <system-out><![CDATA[26-05-2026T22:01:15 - [TEST_CASE][PASSED] - Test Cases/Authentication/TC_Login: Test Cases/Authentication/TC_Login

26-05-2026T22:01:19 - [TEST_STEP][PASSED] - openBrowser(""): Browser is opened with url: ''

26-05-2026T22:01:21 - [MESSAGE][INFO] - Starting 'Chrome' driver

26-05-2026T22:01:22 - [MESSAGE][INFO] - Action delay is set to 0 milliseconds

26-05-2026T22:01:32 - [MESSAGE][PASSED] - Browser is opened with url: ''

26-05-2026T22:01:32 - [TEST_STEP][PASSED] - navigateToUrl("https://convergenceondemand.com/login"): Navigate to 'https://convergenceondemand.com/login' successfully

26-05-2026T22:01:34 - [MESSAGE][PASSED] - Navigate to 'https://convergenceondemand.com/login' successfully

26-05-2026T22:01:34 - [TEST_STEP][PASSED] - setText(findTestObject("Page_1Government Login/input_Enter your MDA"), "govtest"): Text 'govtest' is set on object 'Object Repository/Page_1Government Login/input_Enter your MDA'

26-05-2026T22:01:36 - [MESSAGE][PASSED] - Text 'govtest' is set on object 'Object Repository/Page_1Government Login/input_Enter your MDA'

26-05-2026T22:01:36 - [TEST_STEP][PASSED] - setText(findTestObject("Page_1Government Login/input_Enter Email"), "apisupport@cicod.com"): Text 'apisupport@cicod.com' is set on object 'Object Repository/Page_1Government Login/input_Enter Email'

26-05-2026T22:01:38 - [MESSAGE][PASSED] - Text 'apisupport@cicod.com' is set on object 'Object Repository/Page_1Government Login/input_Enter Email'

26-05-2026T22:01:38 - [TEST_STEP][PASSED] - setEncryptedText(findTestObject("Page_1Government Login/input_Enter password"), "9zJdpvfgkgtFa8MQRHGI0w=="): Text ****** has been set on object 'Object Repository/Page_1Government Login/input_Enter password'

26-05-2026T22:01:39 - [MESSAGE][PASSED] - Text ****** has been set on object 'Object Repository/Page_1Government Login/input_Enter password'

26-05-2026T22:01:39 - [TEST_STEP][PASSED] - click(findTestObject("Page_1Government Login/button_Login")): Object: 'Object Repository/Page_1Government Login/button_Login' is clicked on

26-05-2026T22:01:43 - [MESSAGE][PASSED] - Object: 'Object Repository/Page_1Government Login/button_Login' is clicked on]]></system-out>
         <system-err><![CDATA[]]></system-err>
      </testcase>
      <testcase name="Test Cases/Navigation/TC_Open_Task_Module" time="7.695" classname="Test Cases/Navigation/TC_Open_Task_Module" status="PASSED">
         <system-out><![CDATA[26-05-2026T22:01:44 - [TEST_CASE][PASSED] - Test Cases/Navigation/TC_Open_Task_Module: Test Cases/Navigation/TC_Open_Task_Module

26-05-2026T22:01:47 - [TEST_STEP][PASSED] - click(findTestObject("Page_1Gov/p_Automate Government MDAs critical operations,")): Object: 'Object Repository/Page_1Gov/p_Automate Government MDAs critical operations,' is clicked on

26-05-2026T22:01:52 - [MESSAGE][PASSED] - Object: 'Object Repository/Page_1Gov/p_Automate Government MDAs critical operations,' is clicked on]]></system-out>
         <system-err><![CDATA[]]></system-err>
      </testcase>
      <testcase name="Test Cases/Setup/TC_Create_Task" time="73.209" classname="Test Cases/Setup/TC_Create_Task" status="PASSED">
         <system-out><![CDATA[26-05-2026T22:01:52 - [TEST_CASE][PASSED] - Test Cases/Setup/TC_Create_Task: Test Cases/Setup/TC_Create_Task

26-05-2026T22:01:55 - [TEST_STEP][PASSED] - navigateToUrl("https://govtest.convergenceondemand.com/wfm/index.php?r=workOrder#active-tickets"): Navigate to 'https://govtest.convergenceondemand.com/wfm/index.php?r=workOrder#active-tickets' successfully

26-05-2026T22:01:55 - [MESSAGE][PASSED] - Navigate to 'https://govtest.convergenceondemand.com/wfm/index.php?r=workOrder#active-tickets' successfully

26-05-2026T22:01:55 - [TEST_STEP][PASSED] - delay(5): Delayed 5 second(s)

26-05-2026T22:02:01 - [MESSAGE][PASSED] - Delayed 5 second(s)

26-05-2026T22:02:01 - [TEST_STEP][PASSED] - maximizeWindow(): Current window maximized

26-05-2026T22:02:02 - [MESSAGE][PASSED] - Current window maximized

26-05-2026T22:02:02 - [TEST_STEP][PASSED] - click(findTestObject("Page_Work Order  Index- Workforce Manager/a_Create Task")): Object: 'Object Repository/Page_Work Order  Index- Workforce Manager/a_Create Task' is clicked on

26-05-2026T22:02:11 - [MESSAGE][PASSED] - Object: 'Object Repository/Page_Work Order  Index- Workforce Manager/a_Create Task' is clicked on

26-05-2026T22:02:11 - [TEST_STEP][PASSED] - click(findTestObject("Page_Work Order  Create- Workforce Manager/span_Select Queue")): Object: 'Object Repository/Page_Work Order  Create- Workforce Manager/span_Select Queue' is clicked on

26-05-2026T22:02:17 - [MESSAGE][PASSED] - Object: 'Object Repository/Page_Work Order  Create- Workforce Manager/span_Select Queue' is clicked on

26-05-2026T22:02:17 - [TEST_STEP][PASSED] - setText(findTestObject("Page_Work Order  Create- Workforce Manager/input_Search"), "aut"): Text 'aut' is set on object 'Object Repository/Page_Work Order  Create- Workforce Manager/input_Search'

26-05-2026T22:02:22 - [MESSAGE][PASSED] - Text 'aut' is set on object 'Object Repository/Page_Work Order  Create- Workforce Manager/input_Search'

26-05-2026T22:02:22 - [TEST_STEP][PASSED] - click(findTestObject("Page_Work Order  Create- Workforce Manager/a_TEST AUTOMATION")): Object: 'Object Repository/Page_Work Order  Create- Workforce Manager/a_TEST AUTOMATION' is clicked on

26-05-2026T22:02:23 - [MESSAGE][PASSED] - Object: 'Object Repository/Page_Work Order  Create- Workforce Manager/a_TEST AUTOMATION' is clicked on

26-05-2026T22:02:23 - [TEST_STEP][PASSED] - click(findTestObject("Page_Work Order  Create- Workforce Manager/span_Select Queue Type")): Object: 'Object Repository/Page_Work Order  Create- Workforce Manager/span_Select Queue Type' is clicked on

26-05-2026T22:02:26 - [MESSAGE][PASSED] - Object: 'Object Repository/Page_Work Order  Create- Workforce Manager/span_Select Queue Type' is clicked on

26-05-2026T22:02:26 - [TEST_STEP][PASSED] - click(findTestObject("Page_Work Order  Create- Workforce Manager/span_Automated Testing")): Object: 'Object Repository/Page_Work Order  Create- Workforce Manager/span_Automated Testing' is clicked on

26-05-2026T22:02:27 - [MESSAGE][PASSED] - Object: 'Object Repository/Page_Work Order  Create- Workforce Manager/span_Automated Testing' is clicked on

26-05-2026T22:02:27 - [TEST_STEP][PASSED] - setText(findTestObject("Page_Work Order  Create- Workforce Manager/input_Task Title _"), "TEST AUTOMATION 10028791"): Text 'TEST AUTOMATION 10028791' is set on object 'Object Repository/Page_Work Order  Create- Workforce Manager/input_Task Title _'

26-05-2026T22:02:33 - [MESSAGE][PASSED] - Text 'TEST AUTOMATION 10028791' is set on object 'Object Repository/Page_Work Order  Create- Workforce Manager/input_Task Title _'

26-05-2026T22:02:33 - [TEST_STEP][PASSED] - setText(findTestObject("Page_Work Order  Create- Workforce Manager/textarea_Description"), "Smoke Test"): Text 'Smoke Test' is set on object 'Object Repository/Page_Work Order  Create- Workforce Manager/textarea_Description'

26-05-2026T22:02:36 - [MESSAGE][PASSED] - Text 'Smoke Test' is set on object 'Object Repository/Page_Work Order  Create- Workforce Manager/textarea_Description'

26-05-2026T22:02:36 - [TEST_STEP][PASSED] - setText(findTestObject("Page_Work Order  Create- Workforce Manager/input_Input First Name"), "Mr"): Text 'Mr' is set on object 'Object Repository/Page_Work Order  Create- Workforce Manager/input_Input First Name'

26-05-2026T22:02:39 - [MESSAGE][PASSED] - Text 'Mr' is set on object 'Object Repository/Page_Work Order  Create- Workforce Manager/input_Input First Name'

26-05-2026T22:02:39 - [TEST_STEP][PASSED] - setText(findTestObject("Page_Work Order  Create- Workforce Manager/input_Input Last Name"), "Adekola"): Text 'Adekola' is set on object 'Object Repository/Page_Work Order  Create- Workforce Manager/input_Input Last Name'

26-05-2026T22:02:41 - [MESSAGE][PASSED] - Text 'Adekola' is set on object 'Object Repository/Page_Work Order  Create- Workforce Manager/input_Input Last Name'

26-05-2026T22:02:41 - [TEST_STEP][PASSED] - setText(findTestObject("Page_Work Order  Create- Workforce Manager/input_Input Phone Number"), "Cole"): Text 'Cole' is set on object 'Object Repository/Page_Work Order  Create- Workforce Manager/input_Input Phone Number'

26-05-2026T22:02:42 - [MESSAGE][PASSED] - Text 'Cole' is set on object 'Object Repository/Page_Work Order  Create- Workforce Manager/input_Input Phone Number'

26-05-2026T22:02:42 - [TEST_STEP][PASSED] - setText(findTestObject("Page_Work Order  Create- Workforce Manager/input_Input Email Address"), "testautomation@cicod.com"): Text 'testautomation@cicod.com' is set on object 'Object Repository/Page_Work Order  Create- Workforce Manager/input_Input Email Address'

26-05-2026T22:02:45 - [MESSAGE][PASSED] - Text 'testautomation@cicod.com' is set on object 'Object Repository/Page_Work Order  Create- Workforce Manager/input_Input Email Address'

26-05-2026T22:02:45 - [TEST_STEP][PASSED] - setText(findTestObject("Page_Work Order  Create- Workforce Manager/input_house_no"), "45b"): Text '45b' is set on object 'Object Repository/Page_Work Order  Create- Workforce Manager/input_house_no'

26-05-2026T22:02:47 - [MESSAGE][PASSED] - Text '45b' is set on object 'Object Repository/Page_Work Order  Create- Workforce Manager/input_house_no'

26-05-2026T22:02:47 - [TEST_STEP][PASSED] - setText(findTestObject("Page_Work Order  Create- Workforce Manager/input_street"), "Admiralty Way"): Text 'Admiralty Way' is set on object 'Object Repository/Page_Work Order  Create- Workforce Manager/input_street'

26-05-2026T22:02:49 - [MESSAGE][PASSED] - Text 'Admiralty Way' is set on object 'Object Repository/Page_Work Order  Create- Workforce Manager/input_street'

26-05-2026T22:02:49 - [TEST_STEP][PASSED] - selectOptionByValue(findTestObject("Page_Work Order  Create- Workforce Manager/select_AngolaCameroonCongoEthopiaNigeriaSouth Af"), "Nigeria", false): All options with value 'Nigeria' are selected in object 'Object Repository/Page_Work Order  Create- Workforce Manager/select_AngolaCameroonCongoEthopiaNigeriaSouth Af' 

26-05-2026T22:02:53 - [MESSAGE][PASSED] - All options with value 'Nigeria' are selected in object 'Object Repository/Page_Work Order  Create- Workforce Manager/select_AngolaCameroonCongoEthopiaNigeriaSouth Af' 

26-05-2026T22:02:53 - [TEST_STEP][PASSED] - selectOptionByValue(findTestObject("Page_Work Order  Create- Workforce Manager/select_Select StateAbiaAbujaAdamawaAkwa IbomAnam"), "Lagos", false): All options with value 'Lagos' are selected in object 'Object Repository/Page_Work Order  Create- Workforce Manager/select_Select StateAbiaAbujaAdamawaAkwa IbomAnam' 

26-05-2026T22:02:56 - [MESSAGE][PASSED] - All options with value 'Lagos' are selected in object 'Object Repository/Page_Work Order  Create- Workforce Manager/select_Select StateAbiaAbujaAdamawaAkwa IbomAnam' 

26-05-2026T22:02:56 - [TEST_STEP][PASSED] - switchToWindowTitle("Work Order | Create- Workforce Manager"): Switched to window with title: 'Work Order | Create- Workforce Manager'

26-05-2026T22:02:56 - [MESSAGE][PASSED] - Switched to window with title: 'Work Order | Create- Workforce Manager'

26-05-2026T22:02:56 - [TEST_STEP][PASSED] - click(findTestObject("Page_Work Order  Create- Workforce Manager/input_optionsRadios1")): Object: 'Object Repository/Page_Work Order  Create- Workforce Manager/input_optionsRadios1' is clicked on

26-05-2026T22:02:57 - [MESSAGE][PASSED] - Object: 'Object Repository/Page_Work Order  Create- Workforce Manager/input_optionsRadios1' is clicked on

26-05-2026T22:02:57 - [TEST_STEP][PASSED] - click(findTestObject("Page_Work Order  Create- Workforce Manager/input_optionsChecks1")): Object: 'Object Repository/Page_Work Order  Create- Workforce Manager/input_optionsChecks1' is clicked on

26-05-2026T22:02:58 - [MESSAGE][PASSED] - Object: 'Object Repository/Page_Work Order  Create- Workforce Manager/input_optionsChecks1' is clicked on

26-05-2026T22:02:58 - [TEST_STEP][PASSED] - setText(findTestObject("Page_Work Order  Create- Workforce Manager/input_Select Date"), "2026-05-20"): Text '2026-05-20' is set on object 'Object Repository/Page_Work Order  Create- Workforce Manager/input_Select Date'

26-05-2026T22:02:59 - [MESSAGE][PASSED] - Text '2026-05-20' is set on object 'Object Repository/Page_Work Order  Create- Workforce Manager/input_Select Date'

26-05-2026T22:02:59 - [TEST_STEP][PASSED] - filePath = getProjectDir() + "/Include/test-files/data_backup.png": null

26-05-2026T22:02:59 - [TEST_STEP][PASSED] - assert File(filePath).exists(): null

26-05-2026T22:03:00 - [TEST_STEP][PASSED] - uploadObj = findTestObject("Page_Work Order  Create- Workforce Manager/input_take-photo-input-selected_file"): null

26-05-2026T22:03:00 - [TEST_STEP][PASSED] - waitForElementPresent(uploadObj, 10): Object 'Object Repository/Page_Work Order  Create- Workforce Manager/input_take-photo-input-selected_file' is present

26-05-2026T22:03:00 - [MESSAGE][PASSED] - Object 'Object Repository/Page_Work Order  Create- Workforce Manager/input_take-photo-input-selected_file' is present

26-05-2026T22:03:00 - [TEST_STEP][PASSED] - uploadFile(uploadObj, filePath): File 'C:/Users/CROWN-STAFF/git/convergence-qa-tests/Include/test-files/data_backup.png' sent to object: 'Object Repository/Page_Work Order  Create- Workforce Manager/input_take-photo-input-selected_file'

26-05-2026T22:03:01 - [MESSAGE][WARNING] - Cannot clear the existing file path in the input element. Continue to upload file.

26-05-2026T22:03:01 - [MESSAGE][PASSED] - File 'C:/Users/CROWN-STAFF/git/convergence-qa-tests/Include/test-files/data_backup.png' sent to object: 'Object Repository/Page_Work Order  Create- Workforce Manager/input_take-photo-input-selected_file'

26-05-2026T22:03:01 - [TEST_STEP][PASSED] - click(findTestObject("Page_Work Order  Create- Workforce Manager/input_should_assign_ticket")): Object: 'Object Repository/Page_Work Order  Create- Workforce Manager/input_should_assign_ticket' is clicked on

26-05-2026T22:03:02 - [MESSAGE][PASSED] - Object: 'Object Repository/Page_Work Order  Create- Workforce Manager/input_should_assign_ticket' is clicked on

26-05-2026T22:03:02 - [TEST_STEP][PASSED] - selectOptionByValue(findTestObject("Page_Work Order  Create- Workforce Manager/select_assign-to-user"), "82", false): All options with value '82' are selected in object 'Object Repository/Page_Work Order  Create- Workforce Manager/select_assign-to-user' 

26-05-2026T22:03:03 - [MESSAGE][PASSED] - All options with value '82' are selected in object 'Object Repository/Page_Work Order  Create- Workforce Manager/select_assign-to-user' 

26-05-2026T22:03:03 - [TEST_STEP][PASSED] - waitForElementClickable(findTestObject("Page_Work Order  Create- Workforce Manager/button_Create"), 20): Object 'Object Repository/Page_Work Order  Create- Workforce Manager/button_Create' is clickable

26-05-2026T22:03:04 - [MESSAGE][PASSED] - Object 'Object Repository/Page_Work Order  Create- Workforce Manager/button_Create' is clickable

26-05-2026T22:03:04 - [TEST_STEP][PASSED] - click(findTestObject("Page_Work Order  Create- Workforce Manager/button_Create")): Object: 'Object Repository/Page_Work Order  Create- Workforce Manager/button_Create' is clicked on

26-05-2026T22:03:05 - [MESSAGE][PASSED] - Object: 'Object Repository/Page_Work Order  Create- Workforce Manager/button_Create' is clicked on]]></system-out>
         <system-err><![CDATA[]]></system-err>
      </testcase>
      <testcase name="Test Cases/Setup/TC_Open_Task_Details" time="84.532" classname="Test Cases/Setup/TC_Open_Task_Details" status="PASSED">
         <system-out><![CDATA[26-05-2026T22:03:05 - [TEST_CASE][PASSED] - Test Cases/Setup/TC_Open_Task_Details: Test Cases/Setup/TC_Open_Task_Details

26-05-2026T22:03:08 - [TEST_STEP][PASSED] - waitForPageLoad(30): Wait for page load successfully

26-05-2026T22:03:09 - [MESSAGE][PASSED] - Wait for page load successfully

26-05-2026T22:03:09 - [TEST_STEP][PASSED] - delay(3): Delayed 3 second(s)

26-05-2026T22:03:12 - [MESSAGE][PASSED] - Delayed 3 second(s)

26-05-2026T22:03:12 - [TEST_STEP][PASSED] - modal = new com.kms.katalon.core.testobject.TestObject(): null

26-05-2026T22:03:12 - [TEST_STEP][PASSED] - modal.addProperty("xpath", EQUALS, "//*[contains(text(),'Ticket ID')]"): null

26-05-2026T22:03:12 - [TEST_STEP][PASSED] - waitForElementVisible(modal, 30): Object '' is visible

26-05-2026T22:03:13 - [MESSAGE][PASSED] - Object '' is visible

26-05-2026T22:03:13 - [TEST_STEP][PASSED] - successMessage = getText(modal): Text of object '' is: 'Task Created Successfully - Ticket ID: 16707'

26-05-2026T22:03:13 - [MESSAGE][PASSED] - Text of object '' is: 'Task Created Successfully - Ticket ID: 16707'

26-05-2026T22:03:13 - [TEST_STEP][PASSED] - println("SUCCESS → " + successMessage): null

26-05-2026T22:03:13 - [TEST_STEP][PASSED] - matcher = successMessage =~ "\d+": null

26-05-2026T22:03:13 - [TEST_STEP][PASSED] - if (!(matcher.find())): null

26-05-2026T22:03:14 - [TEST_STEP][PASSED] - ticketId = matcher.group(): null

26-05-2026T22:03:14 - [TEST_STEP][PASSED] - println("Captured Ticket → " + ticketId): null

26-05-2026T22:03:14 - [TEST_STEP][PASSED] - click(findTestObject("Page_Work Order  Create- Workforce Manager/button_message-dismiss")): Object: 'Object Repository/Page_Work Order  Create- Workforce Manager/button_message-dismiss' is clicked on

26-05-2026T22:03:16 - [MESSAGE][PASSED] - Object: 'Object Repository/Page_Work Order  Create- Workforce Manager/button_message-dismiss' is clicked on

26-05-2026T22:03:16 - [TEST_STEP][PASSED] - waitForPageLoad(20): Wait for page load successfully

26-05-2026T22:03:16 - [MESSAGE][PASSED] - Wait for page load successfully

26-05-2026T22:03:16 - [TEST_STEP][PASSED] - delay(2): Delayed 2 second(s)

26-05-2026T22:03:18 - [MESSAGE][PASSED] - Delayed 2 second(s)

26-05-2026T22:03:18 - [TEST_STEP][PASSED] - click(findTestObject("Page_Work Order  Index- Workforce Manager/a_Created By Me")): Object: 'Object Repository/Page_Work Order  Index- Workforce Manager/a_Created By Me' is clicked on

26-05-2026T22:03:20 - [MESSAGE][PASSED] - Object: 'Object Repository/Page_Work Order  Index- Workforce Manager/a_Created By Me' is clicked on

26-05-2026T22:03:20 - [TEST_STEP][PASSED] - waitForPageLoad(10): Wait for page load successfully

26-05-2026T22:03:20 - [MESSAGE][PASSED] - Wait for page load successfully

26-05-2026T22:03:20 - [TEST_STEP][PASSED] - delay(3): Delayed 3 second(s)

26-05-2026T22:03:23 - [MESSAGE][PASSED] - Delayed 3 second(s)

26-05-2026T22:03:23 - [TEST_STEP][PASSED] - search = findTestObject("Page_Work Order  Index- Workforce Manager/input_Search"): null

26-05-2026T22:03:23 - [TEST_STEP][PASSED] - waitForElementVisible(search, 30): Object 'Object Repository/Page_Work Order  Index- Workforce Manager/input_Search' is visible

26-05-2026T22:03:24 - [MESSAGE][PASSED] - Object 'Object Repository/Page_Work Order  Index- Workforce Manager/input_Search' is visible

26-05-2026T22:03:24 - [TEST_STEP][PASSED] - click(search): Object: 'Object Repository/Page_Work Order  Index- Workforce Manager/input_Search' is clicked on

26-05-2026T22:03:25 - [MESSAGE][PASSED] - Object: 'Object Repository/Page_Work Order  Index- Workforce Manager/input_Search' is clicked on

26-05-2026T22:03:25 - [TEST_STEP][PASSED] - clearText(search): Text of object 'Object Repository/Page_Work Order  Index- Workforce Manager/input_Search' is cleared

26-05-2026T22:03:25 - [MESSAGE][PASSED] - Text of object 'Object Repository/Page_Work Order  Index- Workforce Manager/input_Search' is cleared

26-05-2026T22:03:25 - [TEST_STEP][PASSED] - setText(search, ticketId): Text '16707' is set on object 'Object Repository/Page_Work Order  Index- Workforce Manager/input_Search'

26-05-2026T22:03:35 - [MESSAGE][WARNING] - Waiting for element timed out

26-05-2026T22:03:36 - [MESSAGE][WARNING] - Waiting for element timed out

26-05-2026T22:03:36 - [MESSAGE][PASSED] - Text '16707' is set on object 'Object Repository/Page_Work Order  Index- Workforce Manager/input_Search'

26-05-2026T22:03:36 - [TEST_STEP][PASSED] - sendKeys(search, Keys.chord(ENTER)): Keys 'ENTER + ' sent to object: 'Object Repository/Page_Work Order  Index- Workforce Manager/input_Search'

26-05-2026T22:03:47 - [MESSAGE][WARNING] - Waiting for element timed out

26-05-2026T22:04:11 - [MESSAGE][PASSED] - Keys 'ENTER + ' sent to object: 'Object Repository/Page_Work Order  Index- Workforce Manager/input_Search'

26-05-2026T22:04:11 - [TEST_STEP][PASSED] - println("Searching → " + ticketId): null

26-05-2026T22:04:11 - [TEST_STEP][PASSED] - delay(8): Delayed 8 second(s)

26-05-2026T22:04:19 - [MESSAGE][PASSED] - Delayed 8 second(s)

26-05-2026T22:04:19 - [TEST_STEP][PASSED] - row = new com.kms.katalon.core.testobject.TestObject(): null

26-05-2026T22:04:19 - [TEST_STEP][PASSED] - row.addProperty("xpath", EQUALS, //tr[.//*[contains(text(),'$ticketId')]]): null

26-05-2026T22:04:19 - [TEST_STEP][PASSED] - found = waitForElementPresent(row, 30): Object '' is present

26-05-2026T22:04:20 - [MESSAGE][PASSED] - Object '' is present

26-05-2026T22:04:20 - [TEST_STEP][PASSED] - if (!(found)): null

26-05-2026T22:04:20 - [TEST_STEP][PASSED] - println("Ticket row found"): null

26-05-2026T22:04:20 - [TEST_STEP][PASSED] - titleLink = new com.kms.katalon.core.testobject.TestObject(): null

26-05-2026T22:04:20 - [TEST_STEP][PASSED] - titleLink.addProperty("xpath", EQUALS, (//tr[.//*[contains(text(),'$ticketId')]]//td[3]//a) | (//tr[.//*[contains(text(),'$ticketId')]]//td[3]//*[self::span or self::div])): null

26-05-2026T22:04:20 - [TEST_STEP][PASSED] - waitForElementVisible(titleLink, 30): Object '' is visible

26-05-2026T22:04:20 - [MESSAGE][PASSED] - Object '' is visible

26-05-2026T22:04:20 - [TEST_STEP][PASSED] - scrollToElement(titleLink, 10): Scroll to object '' successfully

26-05-2026T22:04:21 - [MESSAGE][PASSED] - Scroll to object '' successfully

26-05-2026T22:04:21 - [TEST_STEP][PASSED] - link = findWebElement(titleLink, 20): Found web element by test object 

26-05-2026T22:04:21 - [MESSAGE][PASSED] - Found web element by test object 

26-05-2026T22:04:21 - [TEST_STEP][PASSED] - executeJavaScript("\narguments[0].scrollIntoView({\nblock:'center'\n});\n", Arrays.asList(link)): Execute JavaScript '
arguments[0].scrollIntoView({
block:'center'
});
' successfully

26-05-2026T22:04:21 - [MESSAGE][PASSED] - Execute JavaScript '
arguments[0].scrollIntoView({
block:'center'
});
' successfully

26-05-2026T22:04:21 - [TEST_STEP][PASSED] - delay(2): Delayed 2 second(s)

26-05-2026T22:04:23 - [MESSAGE][PASSED] - Delayed 2 second(s)

26-05-2026T22:04:23 - [TEST_STEP][PASSED] - println("Opening ticket"): null

26-05-2026T22:04:23 - [TEST_STEP][PASSED] - try: Object: '' is clicked on

26-05-2026T22:04:23 - [TEST_STEP][PASSED] - click(titleLink): Object: '' is clicked on

26-05-2026T22:04:27 - [MESSAGE][PASSED] - Object: '' is clicked on

26-05-2026T22:04:27 - [TEST_STEP][PASSED] - opened = false: null

26-05-2026T22:04:28 - [TEST_STEP][PASSED] - for ([i = 0, i < 30, (i++)]): null

26-05-2026T22:04:28 - [TEST_STEP][PASSED] - delay(1): Delayed 1 second(s)

26-05-2026T22:04:29 - [MESSAGE][PASSED] - Delayed 1 second(s)

26-05-2026T22:04:29 - [TEST_STEP][PASSED] - details = new com.kms.katalon.core.testobject.TestObject(): null

26-05-2026T22:04:29 - [TEST_STEP][PASSED] - details.addProperty("xpath", EQUALS, "\n//*[contains(text(),'Priority')]\n|\n//*[contains(text(),'Task Details')]\n|\n//*[contains(text(),'Queue')]\n"): null

26-05-2026T22:04:29 - [TEST_STEP][PASSED] - if (verifyElementPresent(details, 1, OPTIONAL)): null

26-05-2026T22:04:30 - [MESSAGE][PASSED] - Object '' is present

26-05-2026T22:04:30 - [TEST_STEP][PASSED] - opened = true: null

26-05-2026T22:04:30 - [TEST_STEP][PASSED] - break: null

26-05-2026T22:04:30 - [TEST_STEP][PASSED] - if (!(opened)): null

26-05-2026T22:04:30 - [TEST_STEP][PASSED] - println("TASK DETAILS OPENED → " + ticketId): null]]></system-out>
         <system-err><![CDATA[]]></system-err>
      </testcase>
      <testcase name="Test Cases/TaskActions/Uploads/Upload_File_From_Govdrive" time="26.304" classname="Test Cases/TaskActions/Uploads/Upload_File_From_Govdrive" status="PASSED">
         <system-out><![CDATA[26-05-2026T22:04:30 - [TEST_CASE][PASSED] - Test Cases/TaskActions/Uploads/Upload_File_From_Govdrive: Test Cases/TaskActions/Uploads/Upload_File_From_Govdrive

26-05-2026T22:04:31 - [TEST_STEP][PASSED] - driver = getWebDriver(): null

26-05-2026T22:04:31 - [TEST_STEP][PASSED] - switchToDefaultContent(): null

26-05-2026T22:04:31 - [TEST_STEP][PASSED] - waitForPageLoad(30): Wait for page load successfully

26-05-2026T22:04:32 - [MESSAGE][PASSED] - Wait for page load successfully

26-05-2026T22:04:32 - [TEST_STEP][PASSED] - println("Starting upload flow"): null

26-05-2026T22:04:32 - [TEST_STEP][PASSED] - waitForElementVisible(findTestObject("Page_Work Order  View- Workforce Manager/a_dLabel"), 30): Object 'Object Repository/Page_Work Order  View- Workforce Manager/a_dLabel' is visible

26-05-2026T22:04:33 - [MESSAGE][PASSED] - Object 'Object Repository/Page_Work Order  View- Workforce Manager/a_dLabel' is visible

26-05-2026T22:04:33 - [TEST_STEP][PASSED] - waitForElementClickable(findTestObject("Page_Work Order  View- Workforce Manager/a_dLabel"), 30): Object 'Object Repository/Page_Work Order  View- Workforce Manager/a_dLabel' is clickable

26-05-2026T22:04:34 - [MESSAGE][PASSED] - Object 'Object Repository/Page_Work Order  View- Workforce Manager/a_dLabel' is clickable

26-05-2026T22:04:34 - [TEST_STEP][PASSED] - click(findTestObject("Page_Work Order  View- Workforce Manager/a_dLabel")): Object: 'Object Repository/Page_Work Order  View- Workforce Manager/a_dLabel' is clicked on

26-05-2026T22:04:35 - [MESSAGE][PASSED] - Object: 'Object Repository/Page_Work Order  View- Workforce Manager/a_dLabel' is clicked on

26-05-2026T22:04:35 - [TEST_STEP][PASSED] - println("Upload menu opened"): null

26-05-2026T22:04:35 - [TEST_STEP][PASSED] - waitForElementVisible(findTestObject("Page_Work Order  View- Workforce Manager/a_cde-upload"), 30): Object 'Object Repository/Page_Work Order  View- Workforce Manager/a_cde-upload' is visible

26-05-2026T22:04:35 - [MESSAGE][PASSED] - Object 'Object Repository/Page_Work Order  View- Workforce Manager/a_cde-upload' is visible

26-05-2026T22:04:35 - [TEST_STEP][PASSED] - waitForElementClickable(findTestObject("Page_Work Order  View- Workforce Manager/a_cde-upload"), 30): Object 'Object Repository/Page_Work Order  View- Workforce Manager/a_cde-upload' is clickable

26-05-2026T22:04:36 - [MESSAGE][PASSED] - Object 'Object Repository/Page_Work Order  View- Workforce Manager/a_cde-upload' is clickable

26-05-2026T22:04:36 - [TEST_STEP][PASSED] - try: Object: 'Object Repository/Page_Work Order  View- Workforce Manager/a_cde-upload' is clicked on

26-05-2026T22:04:36 - [TEST_STEP][PASSED] - click(findTestObject("Page_Work Order  View- Workforce Manager/a_cde-upload")): Object: 'Object Repository/Page_Work Order  View- Workforce Manager/a_cde-upload' is clicked on

26-05-2026T22:04:37 - [MESSAGE][PASSED] - Object: 'Object Repository/Page_Work Order  View- Workforce Manager/a_cde-upload' is clicked on

26-05-2026T22:04:37 - [TEST_STEP][PASSED] - println("GovDrive selected"): null

26-05-2026T22:04:37 - [TEST_STEP][PASSED] - switchToDefaultContent(): null

26-05-2026T22:04:38 - [TEST_STEP][PASSED] - waitForElementVisible(findTestObject("Page_Work Order  View- Workforce Manager/iframe_cde-widget"), 30): Object 'Object Repository/Page_Work Order  View- Workforce Manager/iframe_cde-widget' is visible

26-05-2026T22:04:39 - [MESSAGE][PASSED] - Object 'Object Repository/Page_Work Order  View- Workforce Manager/iframe_cde-widget' is visible

26-05-2026T22:04:39 - [TEST_STEP][PASSED] - switched = false: null

26-05-2026T22:04:39 - [TEST_STEP][PASSED] - for ([i = 0, i < 3, (i++)]): null

26-05-2026T22:04:39 - [TEST_STEP][PASSED] - try: null

26-05-2026T22:04:39 - [TEST_STEP][PASSED] - switchToFrame(findTestObject("Page_Work Order  View- Workforce Manager/iframe_cde-widget"), 10): null

26-05-2026T22:04:39 - [TEST_STEP][PASSED] - switched = true: null

26-05-2026T22:04:39 - [TEST_STEP][PASSED] - break: null

26-05-2026T22:04:39 - [TEST_STEP][PASSED] - if (!(switched)): null

26-05-2026T22:04:39 - [TEST_STEP][PASSED] - println("Inside iframe"): null

26-05-2026T22:04:39 - [TEST_STEP][PASSED] - delay(5): Delayed 5 second(s)

26-05-2026T22:04:44 - [MESSAGE][PASSED] - Delayed 5 second(s)

26-05-2026T22:04:44 - [TEST_STEP][PASSED] - println("Waiting for files to appear..."): null

26-05-2026T22:04:44 - [TEST_STEP][PASSED] - found = false: null

26-05-2026T22:04:44 - [TEST_STEP][PASSED] - checkbox = null: null

26-05-2026T22:04:44 - [TEST_STEP][PASSED] - for ([i = 0, i < 20, (i++)]): null

26-05-2026T22:04:44 - [TEST_STEP][PASSED] - checkboxes = driver.findElements(By.xpath("//input[@type='checkbox'] | //*[@role='checkbox']")): null

26-05-2026T22:04:44 - [TEST_STEP][PASSED] - println("Checkbox count = " + checkboxes.size()): null

26-05-2026T22:04:44 - [TEST_STEP][PASSED] - if (!(checkboxes.isEmpty())): null

26-05-2026T22:04:44 - [TEST_STEP][PASSED] - checkbox = checkboxes[0]: null

26-05-2026T22:04:45 - [TEST_STEP][PASSED] - driver.executeScript("arguments[0].scrollIntoView(true)", checkbox): null

26-05-2026T22:04:45 - [TEST_STEP][PASSED] - delay(1): Delayed 1 second(s)

26-05-2026T22:04:46 - [MESSAGE][PASSED] - Delayed 1 second(s)

26-05-2026T22:04:46 - [TEST_STEP][PASSED] - driver.executeScript("arguments[0].click();", checkbox): null

26-05-2026T22:04:46 - [TEST_STEP][PASSED] - found = true: null

26-05-2026T22:04:46 - [TEST_STEP][PASSED] - println("File selected"): null

26-05-2026T22:04:46 - [TEST_STEP][PASSED] - break: null

26-05-2026T22:04:46 - [TEST_STEP][PASSED] - if (!(found)): null

26-05-2026T22:04:46 - [TEST_STEP][PASSED] - delay(3): Delayed 3 second(s)

26-05-2026T22:04:49 - [MESSAGE][PASSED] - Delayed 3 second(s)

26-05-2026T22:04:49 - [TEST_STEP][PASSED] - insertBtn = null: null

26-05-2026T22:04:49 - [TEST_STEP][PASSED] - for ([i = 0, i < 15, (i++)]): null

26-05-2026T22:04:49 - [TEST_STEP][PASSED] - try: null

26-05-2026T22:04:49 - [TEST_STEP][PASSED] - insertBtn = driver.findElement(By.xpath("//button[normalize-space()='Insert']")): null

26-05-2026T22:04:49 - [TEST_STEP][PASSED] - visible = insertBtn.isDisplayed(): null

26-05-2026T22:04:49 - [TEST_STEP][PASSED] - enabled = insertBtn.isEnabled(): null

26-05-2026T22:04:49 - [TEST_STEP][PASSED] - disabled = insertBtn.getAttribute("disabled"): null

26-05-2026T22:04:49 - [TEST_STEP][PASSED] - if (visible && enabled && disabled == null): null

26-05-2026T22:04:49 - [TEST_STEP][PASSED] - break: null

26-05-2026T22:04:49 - [TEST_STEP][PASSED] - if (insertBtn == null): null

26-05-2026T22:04:49 - [TEST_STEP][PASSED] - driver.executeScript("\narguments[0].scrollIntoView({\nblock:'center'\n});\n", insertBtn): null

26-05-2026T22:04:49 - [TEST_STEP][PASSED] - delay(1): Delayed 1 second(s)

26-05-2026T22:04:50 - [MESSAGE][PASSED] - Delayed 1 second(s)

26-05-2026T22:04:50 - [TEST_STEP][PASSED] - driver.executeScript("arguments[0].click();", insertBtn): null

26-05-2026T22:04:50 - [TEST_STEP][PASSED] - println("Insert clicked"): null

26-05-2026T22:04:50 - [TEST_STEP][PASSED] - switchToDefaultContent(): null

26-05-2026T22:04:50 - [TEST_STEP][PASSED] - try: null

26-05-2026T22:04:50 - [TEST_STEP][PASSED] - delay(3): Delayed 3 second(s)

26-05-2026T22:04:53 - [MESSAGE][PASSED] - Delayed 3 second(s)

26-05-2026T22:04:53 - [TEST_STEP][PASSED] - okButton = driver.findElement(By.xpath("//button[normalize-space()='OK'] | //a[normalize-space()='OK']")): null

26-05-2026T22:04:56 - [TEST_STEP][PASSED] - driver.executeScript("arguments[0].click();", okButton): null

26-05-2026T22:04:56 - [TEST_STEP][PASSED] - println("Success popup closed"): null

26-05-2026T22:04:56 - [TEST_STEP][PASSED] - switchToDefaultContent(): null

26-05-2026T22:04:56 - [TEST_STEP][PASSED] - println("Upload completed"): null]]></system-out>
         <system-err><![CDATA[]]></system-err>
      </testcase>
      <testcase name="Test Cases/TaskActions/Uploads/Upload_file_Without_Classification" time="25.146" classname="Test Cases/TaskActions/Uploads/Upload_file_Without_Classification" status="PASSED">
         <system-out><![CDATA[26-05-2026T22:04:56 - [TEST_CASE][PASSED] - Test Cases/TaskActions/Uploads/Upload_file_Without_Classification: Test Cases/TaskActions/Uploads/Upload_file_Without_Classification

26-05-2026T22:04:57 - [TEST_STEP][PASSED] - taskName = "TEST AUTOMATION": null

26-05-2026T22:04:57 - [TEST_STEP][PASSED] - uploadFile = getProjectDir() + "/Include/test-files/TASK CYCLE.pdf": null

26-05-2026T22:04:57 - [TEST_STEP][PASSED] - waitForPageLoad(20): Wait for page load successfully

26-05-2026T22:04:57 - [MESSAGE][PASSED] - Wait for page load successfully

26-05-2026T22:04:57 - [TEST_STEP][PASSED] - switchToDefaultContent(): null

26-05-2026T22:04:57 - [TEST_STEP][PASSED] - println("Looking for task: " + taskName): null

26-05-2026T22:04:57 - [TEST_STEP][PASSED] - task = new com.kms.katalon.core.testobject.TestObject(): null

26-05-2026T22:04:57 - [TEST_STEP][PASSED] - task.addProperty("xpath", EQUALS, "//p[contains(normalize-space(.),'" + taskName + "')]"): null

26-05-2026T22:04:57 - [TEST_STEP][PASSED] - taskExists = waitForElementPresent(task, 20, OPTIONAL): Object '' is present

26-05-2026T22:04:58 - [MESSAGE][PASSED] - Object '' is present

26-05-2026T22:04:58 - [TEST_STEP][PASSED] - println("Task exists = " + taskExists): null

26-05-2026T22:04:58 - [TEST_STEP][PASSED] - if (!(taskExists)): null

26-05-2026T22:04:58 - [TEST_STEP][PASSED] - assert taskExists: null

26-05-2026T22:04:58 - [TEST_STEP][PASSED] - scrollToElement(task, 10): Scroll to object '' successfully

26-05-2026T22:04:58 - [MESSAGE][PASSED] - Scroll to object '' successfully

26-05-2026T22:04:58 - [TEST_STEP][PASSED] - enhancedClick(task): Object: '' is clicked on

26-05-2026T22:04:59 - [MESSAGE][ERROR] - element not interactable: [object HTMLParagraphElement] has no size and location
  (Session info: chrome=148.0.7778.179)
Build info: version: '4.39.0', revision: '126f156aee'
System info: os.name: 'Windows 11', os.arch: 'amd64', os.version: '10.0', java.version: '21.0.9'
Driver info: com.kms.katalon.selenium.driver.CChromeDriver
Command: [9f32f14a7599f3a9f61f179199e47c7e, actions {actions=[org.openqa.selenium.interactions.Sequence@70ca533a]}]
Capabilities {acceptInsecureCerts: false, browserName: chrome, browserVersion: 148.0.7778.179, chrome: {chromedriverVersion: 148.0.7778.167 (65db666ac2c..., userDataDir: C:\Users\CROWN-~1\AppData\L...}, fedcm:accounts: true, goog:chromeOptions: {debuggerAddress: localhost:53926}, goog:processID: 23924, networkConnectionEnabled: false, pageLoadStrategy: normal, platformName: windows, proxy: Proxy(), se:cdp: ws://localhost:53926/devtoo..., se:cdpVersion: 148.0.7778.179, setWindowRect: true, strictFileInteractability: false, timeouts: {implicit: 0, pageLoad: 300000, script: 30000}, unhandledPromptBehavior: {alert: ignore, beforeUnload: ignore, confirm: ignore, default: ignore, file: ignore, prompt: ignore}, webSocketUrl: ws://localhost:28874/sessio..., webauthn:extension:credBlob: true, webauthn:extension:largeBlob: true, webauthn:extension:minPinLength: true, webauthn:extension:prf: true, webauthn:virtualAuthenticators: true}
Session ID: 9f32f14a7599f3a9f61f179199e47c7e

26-05-2026T22:05:09 - [MESSAGE][PASSED] - Object: '' is clicked on

26-05-2026T22:05:09 - [TEST_STEP][PASSED] - waitForPageLoad(20): Wait for page load successfully

26-05-2026T22:05:09 - [MESSAGE][PASSED] - Wait for page load successfully

26-05-2026T22:05:09 - [TEST_STEP][PASSED] - uploadBtn = findTestObject("Page_Work Order  View- Workforce Manager/Page_Work Order  View- Workforce Manager/a_dLabel"): null

26-05-2026T22:05:09 - [TEST_STEP][PASSED] - waitForElementClickable(uploadBtn, 20): Object 'Object Repository/Page_Work Order  View- Workforce Manager/Page_Work Order  View- Workforce Manager/a_dLabel' is clickable

26-05-2026T22:05:10 - [MESSAGE][PASSED] - Object 'Object Repository/Page_Work Order  View- Workforce Manager/Page_Work Order  View- Workforce Manager/a_dLabel' is clickable

26-05-2026T22:05:10 - [TEST_STEP][PASSED] - enhancedClick(uploadBtn): Object: 'Object Repository/Page_Work Order  View- Workforce Manager/Page_Work Order  View- Workforce Manager/a_dLabel' is clicked on

26-05-2026T22:05:10 - [MESSAGE][PASSED] - Object: 'Object Repository/Page_Work Order  View- Workforce Manager/Page_Work Order  View- Workforce Manager/a_dLabel' is clicked on

26-05-2026T22:05:10 - [TEST_STEP][PASSED] - println("Upload modal opened"): null

26-05-2026T22:05:10 - [TEST_STEP][PASSED] - assert Files.exists(Paths.get(uploadFile)): null

26-05-2026T22:05:11 - [TEST_STEP][PASSED] - println("Uploading -> " + uploadFile): null

26-05-2026T22:05:11 - [TEST_STEP][PASSED] - fileInput = new com.kms.katalon.core.testobject.TestObject(): null

26-05-2026T22:05:11 - [TEST_STEP][PASSED] - fileInput.addProperty("xpath", EQUALS, "//*[@id='file_upload']"): null

26-05-2026T22:05:11 - [TEST_STEP][PASSED] - waitForElementPresent(fileInput, 20): Object '' is present

26-05-2026T22:05:11 - [MESSAGE][PASSED] - Object '' is present

26-05-2026T22:05:11 - [TEST_STEP][PASSED] - executeJavaScript("\narguments[0].style.display='block';\narguments[0].style.visibility='visible';\narguments[0].removeAttribute('hidden');\narguments[0].removeAttribute('disabled');\n", [findWebElement(fileInput, 20)]): Execute JavaScript '
arguments[0].style.display='block';
arguments[0].style.visibility='visible';
arguments[0].removeAttribute('hidden');
arguments[0].removeAttribute('disabled');
' successfully

26-05-2026T22:05:11 - [MESSAGE][PASSED] - Found web element by test object 

26-05-2026T22:05:11 - [MESSAGE][PASSED] - Execute JavaScript '
arguments[0].style.display='block';
arguments[0].style.visibility='visible';
arguments[0].removeAttribute('hidden');
arguments[0].removeAttribute('disabled');
' successfully

26-05-2026T22:05:11 - [TEST_STEP][PASSED] - uploadFile(fileInput, uploadFile): File 'C:/Users/CROWN-STAFF/git/convergence-qa-tests/Include/test-files/TASK CYCLE.pdf' sent to object: ''

26-05-2026T22:05:12 - [MESSAGE][WARNING] - Cannot clear the existing file path in the input element. Continue to upload file.

26-05-2026T22:05:12 - [MESSAGE][PASSED] - File 'C:/Users/CROWN-STAFF/git/convergence-qa-tests/Include/test-files/TASK CYCLE.pdf' sent to object: ''

26-05-2026T22:05:12 - [TEST_STEP][PASSED] - println("File injected successfully"): null

26-05-2026T22:05:12 - [TEST_STEP][PASSED] - delay(8): Delayed 8 second(s)

26-05-2026T22:05:20 - [MESSAGE][PASSED] - Delayed 8 second(s)

26-05-2026T22:05:20 - [TEST_STEP][PASSED] - noButton = new com.kms.katalon.core.testobject.TestObject(): null

26-05-2026T22:05:20 - [TEST_STEP][PASSED] - noButton.addProperty("xpath", EQUALS, "//button[normalize-space()='No']"): null

26-05-2026T22:05:20 - [TEST_STEP][PASSED] - modalPresent = waitForElementPresent(noButton, 10, OPTIONAL): Object '' is present

26-05-2026T22:05:20 - [MESSAGE][PASSED] - Object '' is present

26-05-2026T22:05:20 - [TEST_STEP][PASSED] - if (modalPresent): null

26-05-2026T22:05:20 - [TEST_STEP][PASSED] - waitForElementClickable(noButton, 10): Object '' is clickable

26-05-2026T22:05:21 - [MESSAGE][PASSED] - Object '' is clickable

26-05-2026T22:05:21 - [TEST_STEP][PASSED] - enhancedClick(noButton): Object: '' is clicked on

26-05-2026T22:05:21 - [MESSAGE][PASSED] - Object: '' is clicked on

26-05-2026T22:05:21 - [TEST_STEP][PASSED] - println("Clicked NO"): null

26-05-2026T22:05:21 - [TEST_STEP][PASSED] - println("Upload completed"): null]]></system-out>
         <system-err><![CDATA[]]></system-err>
      </testcase>
      <testcase name="Test Cases/TaskActions/Change_Priority/Priority" time="19.12" classname="Test Cases/TaskActions/Change_Priority/Priority" status="PASSED">
         <system-out><![CDATA[26-05-2026T22:05:21 - [TEST_CASE][PASSED] - Test Cases/TaskActions/Change_Priority/Priority: Test Cases/TaskActions/Change_Priority/Priority

26-05-2026T22:05:22 - [TEST_STEP][PASSED] - waitForPageLoad(20): Wait for page load successfully

26-05-2026T22:05:22 - [MESSAGE][PASSED] - Wait for page load successfully

26-05-2026T22:05:22 - [TEST_STEP][PASSED] - waitForElementClickable(findTestObject("Page_Work Order  View- Workforce Manager/i_fa fa-pencil text-interact-blue"), 20): Object 'Object Repository/Page_Work Order  View- Workforce Manager/i_fa fa-pencil text-interact-blue' is clickable

26-05-2026T22:05:33 - [MESSAGE][PASSED] - Object 'Object Repository/Page_Work Order  View- Workforce Manager/i_fa fa-pencil text-interact-blue' is clickable

26-05-2026T22:05:33 - [TEST_STEP][PASSED] - click(findTestObject("Page_Work Order  View- Workforce Manager/i_fa fa-pencil text-interact-blue")): Object: 'Object Repository/Page_Work Order  View- Workforce Manager/i_fa fa-pencil text-interact-blue' is clicked on

26-05-2026T22:05:33 - [MESSAGE][PASSED] - Object: 'Object Repository/Page_Work Order  View- Workforce Manager/i_fa fa-pencil text-interact-blue' is clicked on

26-05-2026T22:05:33 - [TEST_STEP][PASSED] - waitForElementClickable(findTestObject("Page_Work Order  View- Workforce Manager/small_High"), 20): Object 'Object Repository/Page_Work Order  View- Workforce Manager/small_High' is clickable

26-05-2026T22:05:34 - [MESSAGE][PASSED] - Object 'Object Repository/Page_Work Order  View- Workforce Manager/small_High' is clickable

26-05-2026T22:05:34 - [TEST_STEP][PASSED] - click(findTestObject("Page_Work Order  View- Workforce Manager/small_High")): Object: 'Object Repository/Page_Work Order  View- Workforce Manager/small_High' is clicked on

26-05-2026T22:05:37 - [MESSAGE][PASSED] - Object: 'Object Repository/Page_Work Order  View- Workforce Manager/small_High' is clicked on

26-05-2026T22:05:37 - [TEST_STEP][PASSED] - click(findTestObject("Page_Work Order  View- Workforce Manager/div_Successful")): Object: 'Object Repository/Page_Work Order  View- Workforce Manager/div_Successful' is clicked on

26-05-2026T22:05:39 - [MESSAGE][PASSED] - Object: 'Object Repository/Page_Work Order  View- Workforce Manager/div_Successful' is clicked on

26-05-2026T22:05:39 - [TEST_STEP][PASSED] - click(findTestObject("Page_Work Order  View- Workforce Manager/button_OK")): Object: 'Object Repository/Page_Work Order  View- Workforce Manager/button_OK' is clicked on

26-05-2026T22:05:41 - [MESSAGE][PASSED] - Object: 'Object Repository/Page_Work Order  View- Workforce Manager/button_OK' is clicked on]]></system-out>
         <system-err><![CDATA[]]></system-err>
      </testcase>
      <testcase name="Test Cases/TaskActions/Table_Actions/View_File" time="27.516" classname="Test Cases/TaskActions/Table_Actions/View_File" status="PASSED">
         <system-out><![CDATA[26-05-2026T22:05:41 - [TEST_CASE][PASSED] - Test Cases/TaskActions/Table_Actions/View_File: Test Cases/TaskActions/Table_Actions/View_File

26-05-2026T22:05:41 - [TEST_STEP][PASSED] - waitForPageLoad(20): Wait for page load successfully

26-05-2026T22:05:41 - [MESSAGE][PASSED] - Wait for page load successfully

26-05-2026T22:05:41 - [TEST_STEP][WARNING] - waitForElementPresent(findTestObject("Page_Work Order  Index- Workforce Manager/input_Search"), 20): Object 'Object Repository/Page_Work Order  Index- Workforce Manager/input_Search' is not present after 20 second(s)

26-05-2026T22:06:01 - [MESSAGE][WARNING] - Object 'Object Repository/Page_Work Order  Index- Workforce Manager/input_Search' is not present after 20 second(s)

26-05-2026T22:06:01 - [TEST_STEP][PASSED] - click(findTestObject("Page_Work Order  View- Workforce Manager/btn_View")): Object: 'Object Repository/Page_Work Order  View- Workforce Manager/btn_View' is clicked on

26-05-2026T22:06:02 - [MESSAGE][PASSED] - Object: 'Object Repository/Page_Work Order  View- Workforce Manager/btn_View' is clicked on

26-05-2026T22:06:02 - [TEST_STEP][PASSED] - println("Viewer opened"): null

26-05-2026T22:06:02 - [TEST_STEP][PASSED] - delay(5): Delayed 5 second(s)

26-05-2026T22:06:07 - [MESSAGE][PASSED] - Delayed 5 second(s)

26-05-2026T22:06:07 - [TEST_STEP][PASSED] - waitForElementVisible(findTestObject("Page_Work Order  View- Workforce Manager/i_fa fa-chevron-right_1"), 20): Object 'Object Repository/Page_Work Order  View- Workforce Manager/i_fa fa-chevron-right_1' is visible

26-05-2026T22:06:07 - [MESSAGE][PASSED] - Object 'Object Repository/Page_Work Order  View- Workforce Manager/i_fa fa-chevron-right_1' is visible

26-05-2026T22:06:07 - [TEST_STEP][PASSED] - click(findTestObject("Page_Work Order  View- Workforce Manager/i_fa fa-chevron-right_1")): Object: 'Object Repository/Page_Work Order  View- Workforce Manager/i_fa fa-chevron-right_1' is clicked on

26-05-2026T22:06:08 - [MESSAGE][PASSED] - Object: 'Object Repository/Page_Work Order  View- Workforce Manager/i_fa fa-chevron-right_1' is clicked on

26-05-2026T22:06:08 - [TEST_STEP][PASSED] - println("Viewer closed"): null]]></system-out>
         <system-err><![CDATA[]]></system-err>
      </testcase>
      <testcase name="Test Cases/TaskActions/Table_Actions/Download_File" time="22.008" classname="Test Cases/TaskActions/Table_Actions/Download_File" status="PASSED">
         <system-out><![CDATA[26-05-2026T22:06:08 - [TEST_CASE][PASSED] - Test Cases/TaskActions/Table_Actions/Download_File: Test Cases/TaskActions/Table_Actions/Download_File

26-05-2026T22:06:09 - [TEST_STEP][PASSED] - waitForPageLoad(20): Wait for page load successfully

26-05-2026T22:06:09 - [MESSAGE][PASSED] - Wait for page load successfully

26-05-2026T22:06:09 - [TEST_STEP][WARNING] - waitForElementPresent(findTestObject("Page_Work Order  Index- Workforce Manager/input_Search"), 20): Object 'Object Repository/Page_Work Order  Index- Workforce Manager/input_Search' is not present after 20 second(s)

26-05-2026T22:06:29 - [MESSAGE][WARNING] - Object 'Object Repository/Page_Work Order  Index- Workforce Manager/input_Search' is not present after 20 second(s)

26-05-2026T22:06:29 - [TEST_STEP][PASSED] - click(findTestObject("Page_Work Order  View- Workforce Manager/btn_Download")): Object: 'Object Repository/Page_Work Order  View- Workforce Manager/btn_Download' is clicked on

26-05-2026T22:06:30 - [MESSAGE][PASSED] - Object: 'Object Repository/Page_Work Order  View- Workforce Manager/btn_Download' is clicked on]]></system-out>
         <system-err><![CDATA[]]></system-err>
      </testcase>
      <testcase name="Test Cases/TaskActions/Table_Actions/Esign" time="102.628" classname="Test Cases/TaskActions/Table_Actions/Esign" status="FAILED">
         <failure type="FAILED" message="Test Cases/TaskActions/Table_Actions/Esign FAILED.&#xa;Reason:&#xa;com.kms.katalon.core.exception.StepFailedException: Unable to verify image '' present&#xa;	at com.kms.katalon.core.webui.keyword.internal.WebUIKeywordMain.stepFailed(WebUIKeywordMain.groovy:177)&#xa;	at com.kms.katalon.core.webui.keyword.internal.WebUIKeywordMain.runKeyword(WebUIKeywordMain.groovy:49)&#xa;	at com.kms.katalon.core.webui.keyword.builtin.SwitchToFrameKeyword.switchToFrame(SwitchToFrameKeyword.groovy:84)&#xa;	at com.kms.katalon.core.webui.keyword.builtin.SwitchToFrameKeyword.execute(SwitchToFrameKeyword.groovy:68)&#xa;	at com.kms.katalon.core.keyword.internal.KeywordExecutor.executeKeywordForPlatform(KeywordExecutor.groovy:99)&#xa;	at com.kms.katalon.core.webui.keyword.WebUiBuiltInKeywords.switchToFrame(WebUiBuiltInKeywords.groovy:3048)&#xa;	at Esign.run(Esign:46)&#xa;	at com.kms.katalon.core.main.ScriptEngine.run(ScriptEngine.java:203)&#xa;	at com.kms.katalon.core.main.ScriptEngine.runScriptAsRawText(ScriptEngine.java:115)&#xa;	at com.kms.katalon.core.main.TestCaseExecutor.runScript(TestCaseExecutor.java:504)&#xa;	at com.kms.katalon.core.main.TestCaseExecutor.doExecute(TestCaseExecutor.java:495)&#xa;	at com.kms.katalon.core.main.TestCaseExecutor.processExecutionPhase(TestCaseExecutor.java:474)&#xa;	at com.kms.katalon.core.main.TestCaseExecutor.accessMainPhase(TestCaseExecutor.java:466)&#xa;	at com.kms.katalon.core.main.TestCaseExecutor.execute(TestCaseExecutor.java:336)&#xa;	at com.kms.katalon.core.main.TestCaseExecutor.execute(TestCaseExecutor.java:424)&#xa;	at com.kms.katalon.core.main.TestCaseExecutor.execute(TestCaseExecutor.java:424)&#xa;	at com.kms.katalon.core.main.TestCaseExecutor.execute(TestCaseExecutor.java:424)&#xa;	at com.kms.katalon.core.common.CommonExecutor.accessTestCaseMainPhase(CommonExecutor.java:71)&#xa;	at com.kms.katalon.core.main.TestSuiteExecutor.accessTestSuiteMainPhase(TestSuiteExecutor.java:153)&#xa;	at com.kms.katalon.core.main.TestSuiteExecutor.execute(TestSuiteExecutor.java:110)&#xa;	at com.kms.katalon.core.main.TestCaseMain.startTestSuite(TestCaseMain.java:206)&#xa;	at S0526_51.run(S0526_51.groovy:40)&#xa;	at java.base/jdk.internal.reflect.DirectMethodHandleAccessor.invoke(DirectMethodHandleAccessor.java:103)&#xa;Caused by: com.kms.katalon.core.webui.exception.WebElementNotFoundException: Web element with id: '' located by '//iframe[contains(@id,'esign')]' not found&#xa;	at com.kms.katalon.core.webui.common.WebUiCommonHelper.findWebElement(WebUiCommonHelper.java:1491)&#xa;	at com.kms.katalon.core.webui.keyword.builtin.SwitchToFrameKeyword$_switchToFrame_closure1.doCall(SwitchToFrameKeyword.groovy:77)&#xa;	at com.kms.katalon.core.webui.keyword.builtin.SwitchToFrameKeyword$_switchToFrame_closure1.call(SwitchToFrameKeyword.groovy)&#xa;	at com.kms.katalon.core.webui.keyword.internal.WebUIKeywordMain.runKeyword(WebUIKeywordMain.groovy:41)&#xa;	... 21 more&#xa;"/>
         <system-out><![CDATA[26-05-2026T22:07:43 - [TEST_CASE][FAILED] - Test Cases/TaskActions/Table_Actions/Esign: Test Cases/TaskActions/Table_Actions/Esign FAILED.
Reason:
com.kms.katalon.core.exception.StepFailedException: Unable to verify image '' present
	at com.kms.katalon.core.webui.keyword.internal.WebUIKeywordMain.stepFailed(WebUIKeywordMain.groovy:177)
	at com.kms.katalon.core.webui.keyword.internal.WebUIKeywordMain.runKeyword(WebUIKeywordMain.groovy:49)
	at com.kms.katalon.core.webui.keyword.builtin.SwitchToFrameKeyword.switchToFrame(SwitchToFrameKeyword.groovy:84)
	at com.kms.katalon.core.webui.keyword.builtin.SwitchToFrameKeyword.execute(SwitchToFrameKeyword.groovy:68)
	at com.kms.katalon.core.keyword.internal.KeywordExecutor.executeKeywordForPlatform(KeywordExecutor.groovy:99)
	at com.kms.katalon.core.webui.keyword.WebUiBuiltInKeywords.switchToFrame(WebUiBuiltInKeywords.groovy:3048)
	at Esign.run(Esign:46)
	at com.kms.katalon.core.main.ScriptEngine.run(ScriptEngine.java:203)
	at com.kms.katalon.core.main.ScriptEngine.runScriptAsRawText(ScriptEngine.java:115)
	at com.kms.katalon.core.main.TestCaseExecutor.runScript(TestCaseExecutor.java:504)
	at com.kms.katalon.core.main.TestCaseExecutor.doExecute(TestCaseExecutor.java:495)
	at com.kms.katalon.core.main.TestCaseExecutor.processExecutionPhase(TestCaseExecutor.java:474)
	at com.kms.katalon.core.main.TestCaseExecutor.accessMainPhase(TestCaseExecutor.java:466)
	at com.kms.katalon.core.main.TestCaseExecutor.execute(TestCaseExecutor.java:336)
	at com.kms.katalon.core.main.TestCaseExecutor.execute(TestCaseExecutor.java:424)
	at com.kms.katalon.core.main.TestCaseExecutor.execute(TestCaseExecutor.java:424)
	at com.kms.katalon.core.main.TestCaseExecutor.execute(TestCaseExecutor.java:424)
	at com.kms.katalon.core.common.CommonExecutor.accessTestCaseMainPhase(CommonExecutor.java:71)
	at com.kms.katalon.core.main.TestSuiteExecutor.accessTestSuiteMainPhase(TestSuiteExecutor.java:153)
	at com.kms.katalon.core.main.TestSuiteExecutor.execute(TestSuiteExecutor.java:110)
	at com.kms.katalon.core.main.TestCaseMain.startTestSuite(TestCaseMain.java:206)
	at S0526_51.run(S0526_51.groovy:40)
	at java.base/jdk.internal.reflect.DirectMethodHandleAccessor.invoke(DirectMethodHandleAccessor.java:103)
Caused by: com.kms.katalon.core.webui.exception.WebElementNotFoundException: Web element with id: '' located by '//iframe[contains(@id,'esign')]' not found
	at com.kms.katalon.core.webui.common.WebUiCommonHelper.findWebElement(WebUiCommonHelper.java:1491)
	at com.kms.katalon.core.webui.keyword.builtin.SwitchToFrameKeyword$_switchToFrame_closure1.doCall(SwitchToFrameKeyword.groovy:77)
	at com.kms.katalon.core.webui.keyword.builtin.SwitchToFrameKeyword$_switchToFrame_closure1.call(SwitchToFrameKeyword.groovy)
	at com.kms.katalon.core.webui.keyword.internal.WebUIKeywordMain.runKeyword(WebUIKeywordMain.groovy:41)
	... 21 more


26-05-2026T22:07:43 - [TEST_STEP][PASSED] - driver = getWebDriver(): null

26-05-2026T22:07:43 - [TEST_STEP][PASSED] - wait = new org.openqa.selenium.support.ui.WebDriverWait(driver, java.time.Duration.ofSeconds(30)): null

26-05-2026T22:07:43 - [TEST_STEP][PASSED] - println("===== START ESIGN ====="): null

26-05-2026T22:07:43 - [TEST_STEP][PASSED] - waitForPageLoad(30): Wait for page load successfully

26-05-2026T22:07:43 - [MESSAGE][PASSED] - Wait for page load successfully

26-05-2026T22:07:43 - [TEST_STEP][PASSED] - click(findTestObject("Page_Work Order  View- Workforce Manager/svg_svg")): Object: 'Object Repository/Page_Work Order  View- Workforce Manager/svg_svg' is clicked on

26-05-2026T22:07:53 - [MESSAGE][INFO] - [AI Self-Healing] Recovering element locator by using AI Self-Healing...

26-05-2026T22:08:02 - [MESSAGE][INFO] - [AI Self-Healing] Found "3" possible locators:
 [
  {
    "type": "CSS",
    "value": "img[alt\u003d\"Blue file svg\"]",
    "semanticLocator": "icon image in Preview button (SVG file rendered as IMG)",
    "confidence": 0.75,
    "reason": "Matched file format: original object was an \u003csvg\u003e (vector icon). Page contains an IMG whose src points to a .svg (green-file*.svg) and alt\u003d\"Blue file svg\" — indicates the recorded SVG may have been replaced by an \u003cimg\u003e referencing an SVG file."
  },
  {
    "type": "CSS",
    "value": "button \u003e\u003e img[src*\u003d\"green-file.10079778.svg\"]",
    "semanticLocator": "Preview button\u0027s SVG image (specific src fragment)",
    "confidence": 0.6,
    "reason": "Matched visual asset: broken object was an SVG with small width/height. Found an \u003cimg\u003e with src containing \u0027green-file.10079778.svg\u0027 inside the Preview button — matches the original SVG asset identity from the page source."
  },
  {
    "type": "CSS",
    "value": "img[alt\u003d\"Thumbnail toggler icon\"]",
    "semanticLocator": "thumbnail toggler icon (img rendered from SVG)",
    "confidence": 0.4,
    "reason": "Partial match by role/asset: original element was an inline SVG icon. Page includes another small icon rendered via \u003cimg\u003e with alt\u003d\"Thumbnail toggler icon\" (likely replaced/related SVG). Lower confidence because alt/text differs from recorded object."
  }
]

26-05-2026T22:08:02 - [MESSAGE][INFO] - [AI Self-Healing] Verifying locator: "img[alt="Blue file svg"]"

26-05-2026T22:08:03 - [MESSAGE][INFO] - [AI Self-Healing] Found valid locator: "img[alt="Blue file svg"]"

26-05-2026T22:08:04 - [MESSAGE][INFO] - [AI Self-Healing] Screenshot: C:/Users/CROWN-STAFF/git/convergence-qa-tests/Reports/Self-healing/Object Repository/Page_Work Order  View- Workforce Manager/svg_svg_XPATH.png

26-05-2026T22:08:04 - [MESSAGE][WARNING] - Waiting for element timed out

26-05-2026T22:08:04 - [MESSAGE][PASSED] - Object: 'Object Repository/Page_Work Order  View- Workforce Manager/svg_svg' is clicked on

26-05-2026T22:08:04 - [TEST_STEP][PASSED] - println("eSign modal opened"): null

26-05-2026T22:08:04 - [TEST_STEP][PASSED] - iframe = new com.kms.katalon.core.testobject.TestObject(): null

26-05-2026T22:08:04 - [TEST_STEP][PASSED] - iframe.addProperty("xpath", EQUALS, "//iframe[contains(@id,'esign')]"): null

26-05-2026T22:08:04 - [TEST_STEP][WARNING] - waitForElementPresent(iframe, 60): Object '' is not present after 60 second(s)

26-05-2026T22:09:04 - [MESSAGE][WARNING] - Object '' is not present after 60 second(s)

26-05-2026T22:09:04 - [TEST_STEP][FAILED] - switchToFrame(iframe, 20): Unable to verify image '' present (Root cause: com.kms.katalon.core.exception.StepFailedException: Unable to verify image '' present
	at com.kms.katalon.core.webui.keyword.internal.WebUIKeywordMain.stepFailed(WebUIKeywordMain.groovy:177)
	at com.kms.katalon.core.webui.keyword.internal.WebUIKeywordMain.runKeyword(WebUIKeywordMain.groovy:49)
	at com.kms.katalon.core.webui.keyword.builtin.SwitchToFrameKeyword.switchToFrame(SwitchToFrameKeyword.groovy:84)
	at com.kms.katalon.core.webui.keyword.builtin.SwitchToFrameKeyword.execute(SwitchToFrameKeyword.groovy:68)
	at com.kms.katalon.core.keyword.internal.KeywordExecutor.executeKeywordForPlatform(KeywordExecutor.groovy:99)
	at com.kms.katalon.core.webui.keyword.WebUiBuiltInKeywords.switchToFrame(WebUiBuiltInKeywords.groovy:3048)
	at Esign.run(Esign:46)
	at com.kms.katalon.core.main.ScriptEngine.run(ScriptEngine.java:203)
	at com.kms.katalon.core.main.ScriptEngine.runScriptAsRawText(ScriptEngine.java:115)
	at com.kms.katalon.core.main.TestCaseExecutor.runScript(TestCaseExecutor.java:504)
	at com.kms.katalon.core.main.TestCaseExecutor.doExecute(TestCaseExecutor.java:495)
	at com.kms.katalon.core.main.TestCaseExecutor.processExecutionPhase(TestCaseExecutor.java:474)
	at com.kms.katalon.core.main.TestCaseExecutor.accessMainPhase(TestCaseExecutor.java:466)
	at com.kms.katalon.core.main.TestCaseExecutor.execute(TestCaseExecutor.java:336)
	at com.kms.katalon.core.main.TestCaseExecutor.execute(TestCaseExecutor.java:424)
	at com.kms.katalon.core.main.TestCaseExecutor.execute(TestCaseExecutor.java:424)
	at com.kms.katalon.core.main.TestCaseExecutor.execute(TestCaseExecutor.java:424)
	at com.kms.katalon.core.common.CommonExecutor.accessTestCaseMainPhase(CommonExecutor.java:71)
	at com.kms.katalon.core.main.TestSuiteExecutor.accessTestSuiteMainPhase(TestSuiteExecutor.java:153)
	at com.kms.katalon.core.main.TestSuiteExecutor.execute(TestSuiteExecutor.java:110)
	at com.kms.katalon.core.main.TestCaseMain.startTestSuite(TestCaseMain.java:206)
	at S0526_51.run(S0526_51.groovy:40)
	at java.base/jdk.internal.reflect.DirectMethodHandleAccessor.invoke(DirectMethodHandleAccessor.java:103)
Caused by: com.kms.katalon.core.webui.exception.WebElementNotFoundException: Web element with id: '' located by '//iframe[contains(@id,'esign')]' not found
	at com.kms.katalon.core.webui.common.WebUiCommonHelper.findWebElement(WebUiCommonHelper.java:1491)
	at com.kms.katalon.core.webui.keyword.builtin.SwitchToFrameKeyword$_switchToFrame_closure1.doCall(SwitchToFrameKeyword.groovy:77)
	at com.kms.katalon.core.webui.keyword.builtin.SwitchToFrameKeyword$_switchToFrame_closure1.call(SwitchToFrameKeyword.groovy)
	at com.kms.katalon.core.webui.keyword.internal.WebUIKeywordMain.runKeyword(WebUIKeywordMain.groovy:41)
	at com.kms.katalon.core.webui.keyword.builtin.SwitchToFrameKeyword.switchToFrame(SwitchToFrameKeyword.groovy:84)
	at com.kms.katalon.core.webui.keyword.builtin.SwitchToFrameKeyword.execute(SwitchToFrameKeyword.groovy:68)
	at com.kms.katalon.core.keyword.internal.KeywordExecutor.executeKeywordForPlatform(KeywordExecutor.groovy:99)
	at com.kms.katalon.core.webui.keyword.WebUiBuiltInKeywords.switchToFrame(WebUiBuiltInKeywords.groovy:3048)
	at Script1779706958324.run(Script1779706958324.groovy:46)
	... 16 more
)

26-05-2026T22:09:25 - [MESSAGE][INFO] - Unable to find the element located by 'By.xpath: //iframe[contains(@id,'esign')]'. Please recheck the objects properties to make sure the desired element is located. 

26-05-2026T22:09:26 - [MESSAGE][FAILED] - Unable to verify image '' present (Root cause: com.kms.katalon.core.exception.StepFailedException: Unable to verify image '' present
	at com.kms.katalon.core.webui.keyword.internal.WebUIKeywordMain.stepFailed(WebUIKeywordMain.groovy:177)
	at com.kms.katalon.core.webui.keyword.internal.WebUIKeywordMain.runKeyword(WebUIKeywordMain.groovy:49)
	at com.kms.katalon.core.webui.keyword.builtin.SwitchToFrameKeyword.switchToFrame(SwitchToFrameKeyword.groovy:84)
	at com.kms.katalon.core.webui.keyword.builtin.SwitchToFrameKeyword.execute(SwitchToFrameKeyword.groovy:68)
	at com.kms.katalon.core.keyword.internal.KeywordExecutor.executeKeywordForPlatform(KeywordExecutor.groovy:99)
	at com.kms.katalon.core.webui.keyword.WebUiBuiltInKeywords.switchToFrame(WebUiBuiltInKeywords.groovy:3048)
	at Esign.run(Esign:46)
	at com.kms.katalon.core.main.ScriptEngine.run(ScriptEngine.java:203)
	at com.kms.katalon.core.main.ScriptEngine.runScriptAsRawText(ScriptEngine.java:115)
	at com.kms.katalon.core.main.TestCaseExecutor.runScript(TestCaseExecutor.java:504)
	at com.kms.katalon.core.main.TestCaseExecutor.doExecute(TestCaseExecutor.java:495)
	at com.kms.katalon.core.main.TestCaseExecutor.processExecutionPhase(TestCaseExecutor.java:474)
	at com.kms.katalon.core.main.TestCaseExecutor.accessMainPhase(TestCaseExecutor.java:466)
	at com.kms.katalon.core.main.TestCaseExecutor.execute(TestCaseExecutor.java:336)
	at com.kms.katalon.core.main.TestCaseExecutor.execute(TestCaseExecutor.java:424)
	at com.kms.katalon.core.main.TestCaseExecutor.execute(TestCaseExecutor.java:424)
	at com.kms.katalon.core.main.TestCaseExecutor.execute(TestCaseExecutor.java:424)
	at com.kms.katalon.core.common.CommonExecutor.accessTestCaseMainPhase(CommonExecutor.java:71)
	at com.kms.katalon.core.main.TestSuiteExecutor.accessTestSuiteMainPhase(TestSuiteExecutor.java:153)
	at com.kms.katalon.core.main.TestSuiteExecutor.execute(TestSuiteExecutor.java:110)
	at com.kms.katalon.core.main.TestCaseMain.startTestSuite(TestCaseMain.java:206)
	at S0526_51.run(S0526_51.groovy:40)
	at java.base/jdk.internal.reflect.DirectMethodHandleAccessor.invoke(DirectMethodHandleAccessor.java:103)
Caused by: com.kms.katalon.core.webui.exception.WebElementNotFoundException: Web element with id: '' located by '//iframe[contains(@id,'esign')]' not found
	at com.kms.katalon.core.webui.common.WebUiCommonHelper.findWebElement(WebUiCommonHelper.java:1491)
	at com.kms.katalon.core.webui.keyword.builtin.SwitchToFrameKeyword$_switchToFrame_closure1.doCall(SwitchToFrameKeyword.groovy:77)
	at com.kms.katalon.core.webui.keyword.builtin.SwitchToFrameKeyword$_switchToFrame_closure1.call(SwitchToFrameKeyword.groovy)
	at com.kms.katalon.core.webui.keyword.internal.WebUIKeywordMain.runKeyword(WebUIKeywordMain.groovy:41)
	at com.kms.katalon.core.webui.keyword.builtin.SwitchToFrameKeyword.switchToFrame(SwitchToFrameKeyword.groovy:84)
	at com.kms.katalon.core.webui.keyword.builtin.SwitchToFrameKeyword.execute(SwitchToFrameKeyword.groovy:68)
	at com.kms.katalon.core.keyword.internal.KeywordExecutor.executeKeywordForPlatform(KeywordExecutor.groovy:99)
	at com.kms.katalon.core.webui.keyword.WebUiBuiltInKeywords.switchToFrame(WebUiBuiltInKeywords.groovy:3048)
	at Script1779706958324.run(Script1779706958324.groovy:46)
	... 16 more
)
[[ATTACHMENT|C:\\Users\\CROWN-STAFF\\git\\convergence-qa-tests\\Reports\\20260526_220017\\Survey_suite_model\\20260526_220018\\1779829765993.png]]]]></system-out>
         <system-err><![CDATA[26-05-2026T22:07:43 - [TEST_CASE][FAILED] - Test Cases/TaskActions/Table_Actions/Esign: Test Cases/TaskActions/Table_Actions/Esign FAILED.
Reason:
com.kms.katalon.core.exception.StepFailedException: Unable to verify image '' present
	at com.kms.katalon.core.webui.keyword.internal.WebUIKeywordMain.stepFailed(WebUIKeywordMain.groovy:177)
	at com.kms.katalon.core.webui.keyword.internal.WebUIKeywordMain.runKeyword(WebUIKeywordMain.groovy:49)
	at com.kms.katalon.core.webui.keyword.builtin.SwitchToFrameKeyword.switchToFrame(SwitchToFrameKeyword.groovy:84)
	at com.kms.katalon.core.webui.keyword.builtin.SwitchToFrameKeyword.execute(SwitchToFrameKeyword.groovy:68)
	at com.kms.katalon.core.keyword.internal.KeywordExecutor.executeKeywordForPlatform(KeywordExecutor.groovy:99)
	at com.kms.katalon.core.webui.keyword.WebUiBuiltInKeywords.switchToFrame(WebUiBuiltInKeywords.groovy:3048)
	at Esign.run(Esign:46)
	at com.kms.katalon.core.main.ScriptEngine.run(ScriptEngine.java:203)
	at com.kms.katalon.core.main.ScriptEngine.runScriptAsRawText(ScriptEngine.java:115)
	at com.kms.katalon.core.main.TestCaseExecutor.runScript(TestCaseExecutor.java:504)
	at com.kms.katalon.core.main.TestCaseExecutor.doExecute(TestCaseExecutor.java:495)
	at com.kms.katalon.core.main.TestCaseExecutor.processExecutionPhase(TestCaseExecutor.java:474)
	at com.kms.katalon.core.main.TestCaseExecutor.accessMainPhase(TestCaseExecutor.java:466)
	at com.kms.katalon.core.main.TestCaseExecutor.execute(TestCaseExecutor.java:336)
	at com.kms.katalon.core.main.TestCaseExecutor.execute(TestCaseExecutor.java:424)
	at com.kms.katalon.core.main.TestCaseExecutor.execute(TestCaseExecutor.java:424)
	at com.kms.katalon.core.main.TestCaseExecutor.execute(TestCaseExecutor.java:424)
	at com.kms.katalon.core.common.CommonExecutor.accessTestCaseMainPhase(CommonExecutor.java:71)
	at com.kms.katalon.core.main.TestSuiteExecutor.accessTestSuiteMainPhase(TestSuiteExecutor.java:153)
	at com.kms.katalon.core.main.TestSuiteExecutor.execute(TestSuiteExecutor.java:110)
	at com.kms.katalon.core.main.TestCaseMain.startTestSuite(TestCaseMain.java:206)
	at S0526_51.run(S0526_51.groovy:40)
	at java.base/jdk.internal.reflect.DirectMethodHandleAccessor.invoke(DirectMethodHandleAccessor.java:103)
Caused by: com.kms.katalon.core.webui.exception.WebElementNotFoundException: Web element with id: '' located by '//iframe[contains(@id,'esign')]' not found
	at com.kms.katalon.core.webui.common.WebUiCommonHelper.findWebElement(WebUiCommonHelper.java:1491)
	at com.kms.katalon.core.webui.keyword.builtin.SwitchToFrameKeyword$_switchToFrame_closure1.doCall(SwitchToFrameKeyword.groovy:77)
	at com.kms.katalon.core.webui.keyword.builtin.SwitchToFrameKeyword$_switchToFrame_closure1.call(SwitchToFrameKeyword.groovy)
	at com.kms.katalon.core.webui.keyword.internal.WebUIKeywordMain.runKeyword(WebUIKeywordMain.groovy:41)
	... 21 more]]></system-err>
      </testcase>
      <testcase name="Test Cases/TaskActions/Comments/TC_Add_Comment" time="56.233" classname="Test Cases/TaskActions/Comments/TC_Add_Comment" status="FAILED">
         <failure type="FAILED" message="Test Cases/TaskActions/Comments/TC_Add_Comment FAILED.&#xa;Reason:&#xa;com.kms.katalon.core.exception.StepFailedException: Unable to click on object 'Object Repository/Page_Work Order  View- Workforce Manager/div_Hi there, For line manager escalation or app'&#xa;	at com.kms.katalon.core.webui.keyword.internal.WebUIKeywordMain.stepFailed(WebUIKeywordMain.groovy:177)&#xa;	at com.kms.katalon.core.webui.keyword.internal.WebUIKeywordMain.runKeyword(WebUIKeywordMain.groovy:49)&#xa;	at com.kms.katalon.core.webui.keyword.internal.WebUIKeywordMain.runKeywordUntilTimeout(WebUIKeywordMain.groovy:133)&#xa;	at com.kms.katalon.core.webui.keyword.builtin.ClickKeyword.click(ClickKeyword.groovy:72)&#xa;	at com.kms.katalon.core.webui.keyword.builtin.ClickKeyword.execute(ClickKeyword.groovy:38)&#xa;	at com.kms.katalon.core.keyword.internal.KeywordExecutor.executeKeywordForPlatform(KeywordExecutor.groovy:99)&#xa;	at com.kms.katalon.core.webui.keyword.WebUiBuiltInKeywords.click(WebUiBuiltInKeywords.groovy:722)&#xa;	at TC_Add_Comment.run(TC_Add_Comment:30)&#xa;	at com.kms.katalon.core.main.ScriptEngine.run(ScriptEngine.java:203)&#xa;	at com.kms.katalon.core.main.ScriptEngine.runScriptAsRawText(ScriptEngine.java:115)&#xa;	at com.kms.katalon.core.main.TestCaseExecutor.runScript(TestCaseExecutor.java:504)&#xa;	at com.kms.katalon.core.main.TestCaseExecutor.doExecute(TestCaseExecutor.java:495)&#xa;	at com.kms.katalon.core.main.TestCaseExecutor.processExecutionPhase(TestCaseExecutor.java:474)&#xa;	at com.kms.katalon.core.main.TestCaseExecutor.accessMainPhase(TestCaseExecutor.java:466)&#xa;	at com.kms.katalon.core.main.TestCaseExecutor.execute(TestCaseExecutor.java:336)&#xa;	at com.kms.katalon.core.main.TestCaseExecutor.execute(TestCaseExecutor.java:424)&#xa;	at com.kms.katalon.core.main.TestCaseExecutor.execute(TestCaseExecutor.java:424)&#xa;	at com.kms.katalon.core.main.TestCaseExecutor.execute(TestCaseExecutor.java:424)&#xa;	at com.kms.katalon.core.common.CommonExecutor.accessTestCaseMainPhase(CommonExecutor.java:71)&#xa;	at com.kms.katalon.core.main.TestSuiteExecutor.accessTestSuiteMainPhase(TestSuiteExecutor.java:153)&#xa;	at com.kms.katalon.core.main.TestSuiteExecutor.execute(TestSuiteExecutor.java:110)&#xa;	at com.kms.katalon.core.main.TestCaseMain.startTestSuite(TestCaseMain.java:206)&#xa;	at S0526_51.run(S0526_51.groovy:40)&#xa;	at java.base/jdk.internal.reflect.DirectMethodHandleAccessor.invoke(DirectMethodHandleAccessor.java:103)&#xa;Caused by: com.kms.katalon.core.webui.exception.WebElementNotFoundException: Web element with id: 'Object Repository/Page_Work Order  View- Workforce Manager/div_Hi there, For line manager escalation or app' located by 'By.xpath: //*[@class and contains(concat(' ', normalize-space(@class), ' '), ' assign-modal-alert ')]' not found&#xa;	at com.kms.katalon.core.webui.model.WebUiElementFinder.findElementByNormalMethods(WebUiElementFinder.java:201)&#xa;	at com.kms.katalon.core.webui.model.WebUiElementFinder.findElementsBySelectedMethod(WebUiElementFinder.java:99)&#xa;	at com.kms.katalon.core.webui.model.WebUiElementFinder.findElementsBySelectedMethod(WebUiElementFinder.java:82)&#xa;	at com.kms.katalon.core.webui.model.WebUiElementFinder.findElementsBySelectedMethod(WebUiElementFinder.java:77)&#xa;	at com.kms.katalon.core.webui.model.WebUiElementFinder.findElement(WebUiElementFinder.java:51)&#xa;	at com.kms.katalon.core.webui.model.WebUiElementFinderWithTimeout.basicFindElement(WebUiElementFinderWithTimeout.java:51)&#xa;	at com.kms.katalon.core.webui.model.WebUiElementFinderWithTimeout.lambda$0(WebUiElementFinderWithTimeout.java:29)&#xa;	at com.kms.katalon.core.webui.model.SeleniumActionRetryController.performAction(SeleniumActionRetryController.java:96)&#xa;	at com.kms.katalon.core.webui.model.SeleniumActionRetryController.performAction(SeleniumActionRetryController.java:83)&#xa;	at com.kms.katalon.core.webui.model.WebUiElementFinderWithTimeout.findElement(WebUiElementFinderWithTimeout.java:28)&#xa;	at com.kms.katalon.core.webui.keyword.internal.WebUIAbstractKeyword.lambda$1(WebUIAbstractKeyword.java:119)&#xa;	at com.kms.katalon.core.webui.model.SeleniumActionRetryController.performAction(SeleniumActionRetryController.java:96)&#xa;	at com.kms.katalon.core.webui.model.SeleniumActionRetryController.performAction(SeleniumActionRetryController.java:83)&#xa;	at com.kms.katalon.core.webui.model.SeleniumActionRetryController.retry(SeleniumActionRetryController.java:49)&#xa;	at com.kms.katalon.core.webui.model.SeleniumActionRetryController.retry(SeleniumActionRetryController.java:44)&#xa;	at com.kms.katalon.core.webui.keyword.internal.WebUIAbstractKeyword.findWebElement(WebUIAbstractKeyword.java:116)&#xa;	at com.kms.katalon.core.webui.keyword.builtin.ClickKeyword$_click_closure1.doCall(ClickKeyword.groovy:52)&#xa;	at java.base/jdk.internal.reflect.DirectMethodHandleAccessor.invoke(DirectMethodHandleAccessor.java:103)&#xa;	at jdk.proxy2/jdk.proxy2.$Proxy56.execute(Unknown Source)&#xa;	at com.kms.katalon.core.webui.model.SeleniumActionRetryController.performAction(SeleniumActionRetryController.java:96)&#xa;	at com.kms.katalon.core.webui.model.SeleniumActionRetryController.performAction(SeleniumActionRetryController.java:83)&#xa;	at com.kms.katalon.core.webui.keyword.internal.WebUIKeywordMain$_runKeywordUntilTimeout_closure1.doCall(WebUIKeywordMain.groovy:135)&#xa;	at com.kms.katalon.core.webui.keyword.internal.WebUIKeywordMain$_runKeywordUntilTimeout_closure1.call(WebUIKeywordMain.groovy)&#xa;	at com.kms.katalon.core.webui.keyword.internal.WebUIKeywordMain.runKeyword(WebUIKeywordMain.groovy:41)&#xa;	... 22 more&#xa;"/>
         <system-out><![CDATA[26-05-2026T22:12:15 - [TEST_CASE][FAILED] - Test Cases/TaskActions/Comments/TC_Add_Comment: Test Cases/TaskActions/Comments/TC_Add_Comment FAILED.
Reason:
com.kms.katalon.core.exception.StepFailedException: Unable to click on object 'Object Repository/Page_Work Order  View- Workforce Manager/div_Hi there, For line manager escalation or app'
	at com.kms.katalon.core.webui.keyword.internal.WebUIKeywordMain.stepFailed(WebUIKeywordMain.groovy:177)
	at com.kms.katalon.core.webui.keyword.internal.WebUIKeywordMain.runKeyword(WebUIKeywordMain.groovy:49)
	at com.kms.katalon.core.webui.keyword.internal.WebUIKeywordMain.runKeywordUntilTimeout(WebUIKeywordMain.groovy:133)
	at com.kms.katalon.core.webui.keyword.builtin.ClickKeyword.click(ClickKeyword.groovy:72)
	at com.kms.katalon.core.webui.keyword.builtin.ClickKeyword.execute(ClickKeyword.groovy:38)
	at com.kms.katalon.core.keyword.internal.KeywordExecutor.executeKeywordForPlatform(KeywordExecutor.groovy:99)
	at com.kms.katalon.core.webui.keyword.WebUiBuiltInKeywords.click(WebUiBuiltInKeywords.groovy:722)
	at TC_Add_Comment.run(TC_Add_Comment:30)
	at com.kms.katalon.core.main.ScriptEngine.run(ScriptEngine.java:203)
	at com.kms.katalon.core.main.ScriptEngine.runScriptAsRawText(ScriptEngine.java:115)
	at com.kms.katalon.core.main.TestCaseExecutor.runScript(TestCaseExecutor.java:504)
	at com.kms.katalon.core.main.TestCaseExecutor.doExecute(TestCaseExecutor.java:495)
	at com.kms.katalon.core.main.TestCaseExecutor.processExecutionPhase(TestCaseExecutor.java:474)
	at com.kms.katalon.core.main.TestCaseExecutor.accessMainPhase(TestCaseExecutor.java:466)
	at com.kms.katalon.core.main.TestCaseExecutor.execute(TestCaseExecutor.java:336)
	at com.kms.katalon.core.main.TestCaseExecutor.execute(TestCaseExecutor.java:424)
	at com.kms.katalon.core.main.TestCaseExecutor.execute(TestCaseExecutor.java:424)
	at com.kms.katalon.core.main.TestCaseExecutor.execute(TestCaseExecutor.java:424)
	at com.kms.katalon.core.common.CommonExecutor.accessTestCaseMainPhase(CommonExecutor.java:71)
	at com.kms.katalon.core.main.TestSuiteExecutor.accessTestSuiteMainPhase(TestSuiteExecutor.java:153)
	at com.kms.katalon.core.main.TestSuiteExecutor.execute(TestSuiteExecutor.java:110)
	at com.kms.katalon.core.main.TestCaseMain.startTestSuite(TestCaseMain.java:206)
	at S0526_51.run(S0526_51.groovy:40)
	at java.base/jdk.internal.reflect.DirectMethodHandleAccessor.invoke(DirectMethodHandleAccessor.java:103)
Caused by: com.kms.katalon.core.webui.exception.WebElementNotFoundException: Web element with id: 'Object Repository/Page_Work Order  View- Workforce Manager/div_Hi there, For line manager escalation or app' located by 'By.xpath: //*[@class and contains(concat(' ', normalize-space(@class), ' '), ' assign-modal-alert ')]' not found
	at com.kms.katalon.core.webui.model.WebUiElementFinder.findElementByNormalMethods(WebUiElementFinder.java:201)
	at com.kms.katalon.core.webui.model.WebUiElementFinder.findElementsBySelectedMethod(WebUiElementFinder.java:99)
	at com.kms.katalon.core.webui.model.WebUiElementFinder.findElementsBySelectedMethod(WebUiElementFinder.java:82)
	at com.kms.katalon.core.webui.model.WebUiElementFinder.findElementsBySelectedMethod(WebUiElementFinder.java:77)
	at com.kms.katalon.core.webui.model.WebUiElementFinder.findElement(WebUiElementFinder.java:51)
	at com.kms.katalon.core.webui.model.WebUiElementFinderWithTimeout.basicFindElement(WebUiElementFinderWithTimeout.java:51)
	at com.kms.katalon.core.webui.model.WebUiElementFinderWithTimeout.lambda$0(WebUiElementFinderWithTimeout.java:29)
	at com.kms.katalon.core.webui.model.SeleniumActionRetryController.performAction(SeleniumActionRetryController.java:96)
	at com.kms.katalon.core.webui.model.SeleniumActionRetryController.performAction(SeleniumActionRetryController.java:83)
	at com.kms.katalon.core.webui.model.WebUiElementFinderWithTimeout.findElement(WebUiElementFinderWithTimeout.java:28)
	at com.kms.katalon.core.webui.keyword.internal.WebUIAbstractKeyword.lambda$1(WebUIAbstractKeyword.java:119)
	at com.kms.katalon.core.webui.model.SeleniumActionRetryController.performAction(SeleniumActionRetryController.java:96)
	at com.kms.katalon.core.webui.model.SeleniumActionRetryController.performAction(SeleniumActionRetryController.java:83)
	at com.kms.katalon.core.webui.model.SeleniumActionRetryController.retry(SeleniumActionRetryController.java:49)
	at com.kms.katalon.core.webui.model.SeleniumActionRetryController.retry(SeleniumActionRetryController.java:44)
	at com.kms.katalon.core.webui.keyword.internal.WebUIAbstractKeyword.findWebElement(WebUIAbstractKeyword.java:116)
	at com.kms.katalon.core.webui.keyword.builtin.ClickKeyword$_click_closure1.doCall(ClickKeyword.groovy:52)
	at java.base/jdk.internal.reflect.DirectMethodHandleAccessor.invoke(DirectMethodHandleAccessor.java:103)
	at jdk.proxy2/jdk.proxy2.$Proxy56.execute(Unknown Source)
	at com.kms.katalon.core.webui.model.SeleniumActionRetryController.performAction(SeleniumActionRetryController.java:96)
	at com.kms.katalon.core.webui.model.SeleniumActionRetryController.performAction(SeleniumActionRetryController.java:83)
	at com.kms.katalon.core.webui.keyword.internal.WebUIKeywordMain$_runKeywordUntilTimeout_closure1.doCall(WebUIKeywordMain.groovy:135)
	at com.kms.katalon.core.webui.keyword.internal.WebUIKeywordMain$_runKeywordUntilTimeout_closure1.call(WebUIKeywordMain.groovy)
	at com.kms.katalon.core.webui.keyword.internal.WebUIKeywordMain.runKeyword(WebUIKeywordMain.groovy:41)
	... 22 more


26-05-2026T22:12:15 - [TEST_STEP][PASSED] - waitForPageLoad(20): Wait for page load successfully

26-05-2026T22:12:15 - [MESSAGE][PASSED] - Wait for page load successfully

26-05-2026T22:12:15 - [TEST_STEP][WARNING] - waitForElementPresent(findTestObject("Page_Work Order  Index- Workforce Manager/input_Search"), 20): Object 'Object Repository/Page_Work Order  Index- Workforce Manager/input_Search' is not present after 20 second(s)

26-05-2026T22:12:35 - [MESSAGE][WARNING] - Object 'Object Repository/Page_Work Order  Index- Workforce Manager/input_Search' is not present after 20 second(s)

26-05-2026T22:12:35 - [TEST_STEP][PASSED] - waitForPageLoad(20): Wait for page load successfully

26-05-2026T22:12:35 - [MESSAGE][PASSED] - Wait for page load successfully

26-05-2026T22:12:35 - [TEST_STEP][WARNING] - waitForElementPresent(findTestObject("Page_Work Order  Index- Workforce Manager/input_Search"), 20): Object 'Object Repository/Page_Work Order  Index- Workforce Manager/input_Search' is not present after 20 second(s)

26-05-2026T22:12:55 - [MESSAGE][WARNING] - Object 'Object Repository/Page_Work Order  Index- Workforce Manager/input_Search' is not present after 20 second(s)

26-05-2026T22:12:56 - [TEST_STEP][FAILED] - click(findTestObject("Page_Work Order  View- Workforce Manager/div_Hi there, For line manager escalation or app")): Unable to click on object 'Object Repository/Page_Work Order  View- Workforce Manager/div_Hi there, For line manager escalation or app' (Root cause: com.kms.katalon.core.exception.StepFailedException: Unable to click on object 'Object Repository/Page_Work Order  View- Workforce Manager/div_Hi there, For line manager escalation or app'
	at com.kms.katalon.core.webui.keyword.internal.WebUIKeywordMain.stepFailed(WebUIKeywordMain.groovy:177)
	at com.kms.katalon.core.webui.keyword.internal.WebUIKeywordMain.runKeyword(WebUIKeywordMain.groovy:49)
	at com.kms.katalon.core.webui.keyword.internal.WebUIKeywordMain.runKeywordUntilTimeout(WebUIKeywordMain.groovy:133)
	at com.kms.katalon.core.webui.keyword.builtin.ClickKeyword.click(ClickKeyword.groovy:72)
	at com.kms.katalon.core.webui.keyword.builtin.ClickKeyword.execute(ClickKeyword.groovy:38)
	at com.kms.katalon.core.keyword.internal.KeywordExecutor.executeKeywordForPlatform(KeywordExecutor.groovy:99)
	at com.kms.katalon.core.webui.keyword.WebUiBuiltInKeywords.click(WebUiBuiltInKeywords.groovy:722)
	at TC_Add_Comment.run(TC_Add_Comment:30)
	at com.kms.katalon.core.main.ScriptEngine.run(ScriptEngine.java:203)
	at com.kms.katalon.core.main.ScriptEngine.runScriptAsRawText(ScriptEngine.java:115)
	at com.kms.katalon.core.main.TestCaseExecutor.runScript(TestCaseExecutor.java:504)
	at com.kms.katalon.core.main.TestCaseExecutor.doExecute(TestCaseExecutor.java:495)
	at com.kms.katalon.core.main.TestCaseExecutor.processExecutionPhase(TestCaseExecutor.java:474)
	at com.kms.katalon.core.main.TestCaseExecutor.accessMainPhase(TestCaseExecutor.java:466)
	at com.kms.katalon.core.main.TestCaseExecutor.execute(TestCaseExecutor.java:336)
	at com.kms.katalon.core.main.TestCaseExecutor.execute(TestCaseExecutor.java:424)
	at com.kms.katalon.core.main.TestCaseExecutor.execute(TestCaseExecutor.java:424)
	at com.kms.katalon.core.main.TestCaseExecutor.execute(TestCaseExecutor.java:424)
	at com.kms.katalon.core.common.CommonExecutor.accessTestCaseMainPhase(CommonExecutor.java:71)
	at com.kms.katalon.core.main.TestSuiteExecutor.accessTestSuiteMainPhase(TestSuiteExecutor.java:153)
	at com.kms.katalon.core.main.TestSuiteExecutor.execute(TestSuiteExecutor.java:110)
	at com.kms.katalon.core.main.TestCaseMain.startTestSuite(TestCaseMain.java:206)
	at S0526_51.run(S0526_51.groovy:40)
	at java.base/jdk.internal.reflect.DirectMethodHandleAccessor.invoke(DirectMethodHandleAccessor.java:103)
Caused by: com.kms.katalon.core.webui.exception.WebElementNotFoundException: Web element with id: 'Object Repository/Page_Work Order  View- Workforce Manager/div_Hi there, For line manager escalation or app' located by 'By.xpath: //*[@class and contains(concat(' ', normalize-space(@class), ' '), ' assign-modal-alert ')]' not found
	at com.kms.katalon.core.webui.model.WebUiElementFinder.findElementByNormalMethods(WebUiElementFinder.java:201)
	at com.kms.katalon.core.webui.model.WebUiElementFinder.findElementsBySelectedMethod(WebUiElementFinder.java:99)
	at com.kms.katalon.core.webui.model.WebUiElementFinder.findElementsBySelectedMethod(WebUiElementFinder.java:82)
	at com.kms.katalon.core.webui.model.WebUiElementFinder.findElementsBySelectedMethod(WebUiElementFinder.java:77)
	at com.kms.katalon.core.webui.model.WebUiElementFinder.findElement(WebUiElementFinder.java:51)
	at com.kms.katalon.core.webui.model.WebUiElementFinderWithTimeout.basicFindElement(WebUiElementFinderWithTimeout.java:51)
	at com.kms.katalon.core.webui.model.WebUiElementFinderWithTimeout.lambda$0(WebUiElementFinderWithTimeout.java:29)
	at com.kms.katalon.core.webui.model.SeleniumActionRetryController.performAction(SeleniumActionRetryController.java:96)
	at com.kms.katalon.core.webui.model.SeleniumActionRetryController.performAction(SeleniumActionRetryController.java:83)
	at com.kms.katalon.core.webui.model.WebUiElementFinderWithTimeout.findElement(WebUiElementFinderWithTimeout.java:28)
	at com.kms.katalon.core.webui.keyword.internal.WebUIAbstractKeyword.lambda$1(WebUIAbstractKeyword.java:119)
	at com.kms.katalon.core.webui.model.SeleniumActionRetryController.performAction(SeleniumActionRetryController.java:96)
	at com.kms.katalon.core.webui.model.SeleniumActionRetryController.performAction(SeleniumActionRetryController.java:83)
	at com.kms.katalon.core.webui.model.SeleniumActionRetryController.retry(SeleniumActionRetryController.java:49)
	at com.kms.katalon.core.webui.model.SeleniumActionRetryController.retry(SeleniumActionRetryController.java:44)
	at com.kms.katalon.core.webui.keyword.internal.WebUIAbstractKeyword.findWebElement(WebUIAbstractKeyword.java:116)
	at com.kms.katalon.core.webui.keyword.builtin.ClickKeyword$_click_closure1.doCall(ClickKeyword.groovy:52)
	at java.base/jdk.internal.reflect.DirectMethodHandleAccessor.invoke(DirectMethodHandleAccessor.java:103)
	at jdk.proxy2/jdk.proxy2.$Proxy56.execute(Unknown Source)
	at com.kms.katalon.core.webui.model.SeleniumActionRetryController.performAction(SeleniumActionRetryController.java:96)
	at com.kms.katalon.core.webui.model.SeleniumActionRetryController.performAction(SeleniumActionRetryController.java:83)
	at com.kms.katalon.core.webui.keyword.internal.WebUIKeywordMain$_runKeywordUntilTimeout_closure1.doCall(WebUIKeywordMain.groovy:135)
	at com.kms.katalon.core.webui.keyword.internal.WebUIKeywordMain$_runKeywordUntilTimeout_closure1.call(WebUIKeywordMain.groovy)
	at com.kms.katalon.core.webui.keyword.internal.WebUIKeywordMain.runKeyword(WebUIKeywordMain.groovy:41)
	at com.kms.katalon.core.webui.keyword.internal.WebUIKeywordMain.runKeywordUntilTimeout(WebUIKeywordMain.groovy:133)
	at com.kms.katalon.core.webui.keyword.builtin.ClickKeyword.click(ClickKeyword.groovy:72)
	at com.kms.katalon.core.webui.keyword.builtin.ClickKeyword.execute(ClickKeyword.groovy:38)
	at com.kms.katalon.core.keyword.internal.KeywordExecutor.executeKeywordForPlatform(KeywordExecutor.groovy:99)
	at com.kms.katalon.core.webui.keyword.WebUiBuiltInKeywords.click(WebUiBuiltInKeywords.groovy:722)
	at Script1779529027086.run(Script1779529027086.groovy:30)
	... 16 more
)

26-05-2026T22:13:06 - [MESSAGE][INFO] - [AI Self-Healing] Recovering element locator by using AI Self-Healing...

26-05-2026T22:13:11 - [MESSAGE][INFO] - [AI Self-Healing] No possible locators found

26-05-2026T22:13:11 - [MESSAGE][FAILED] - Unable to click on object 'Object Repository/Page_Work Order  View- Workforce Manager/div_Hi there, For line manager escalation or app' (Root cause: com.kms.katalon.core.exception.StepFailedException: Unable to click on object 'Object Repository/Page_Work Order  View- Workforce Manager/div_Hi there, For line manager escalation or app'
	at com.kms.katalon.core.webui.keyword.internal.WebUIKeywordMain.stepFailed(WebUIKeywordMain.groovy:177)
	at com.kms.katalon.core.webui.keyword.internal.WebUIKeywordMain.runKeyword(WebUIKeywordMain.groovy:49)
	at com.kms.katalon.core.webui.keyword.internal.WebUIKeywordMain.runKeywordUntilTimeout(WebUIKeywordMain.groovy:133)
	at com.kms.katalon.core.webui.keyword.builtin.ClickKeyword.click(ClickKeyword.groovy:72)
	at com.kms.katalon.core.webui.keyword.builtin.ClickKeyword.execute(ClickKeyword.groovy:38)
	at com.kms.katalon.core.keyword.internal.KeywordExecutor.executeKeywordForPlatform(KeywordExecutor.groovy:99)
	at com.kms.katalon.core.webui.keyword.WebUiBuiltInKeywords.click(WebUiBuiltInKeywords.groovy:722)
	at TC_Add_Comment.run(TC_Add_Comment:30)
	at com.kms.katalon.core.main.ScriptEngine.run(ScriptEngine.java:203)
	at com.kms.katalon.core.main.ScriptEngine.runScriptAsRawText(ScriptEngine.java:115)
	at com.kms.katalon.core.main.TestCaseExecutor.runScript(TestCaseExecutor.java:504)
	at com.kms.katalon.core.main.TestCaseExecutor.doExecute(TestCaseExecutor.java:495)
	at com.kms.katalon.core.main.TestCaseExecutor.processExecutionPhase(TestCaseExecutor.java:474)
	at com.kms.katalon.core.main.TestCaseExecutor.accessMainPhase(TestCaseExecutor.java:466)
	at com.kms.katalon.core.main.TestCaseExecutor.execute(TestCaseExecutor.java:336)
	at com.kms.katalon.core.main.TestCaseExecutor.execute(TestCaseExecutor.java:424)
	at com.kms.katalon.core.main.TestCaseExecutor.execute(TestCaseExecutor.java:424)
	at com.kms.katalon.core.main.TestCaseExecutor.execute(TestCaseExecutor.java:424)
	at com.kms.katalon.core.common.CommonExecutor.accessTestCaseMainPhase(CommonExecutor.java:71)
	at com.kms.katalon.core.main.TestSuiteExecutor.accessTestSuiteMainPhase(TestSuiteExecutor.java:153)
	at com.kms.katalon.core.main.TestSuiteExecutor.execute(TestSuiteExecutor.java:110)
	at com.kms.katalon.core.main.TestCaseMain.startTestSuite(TestCaseMain.java:206)
	at S0526_51.run(S0526_51.groovy:40)
	at java.base/jdk.internal.reflect.DirectMethodHandleAccessor.invoke(DirectMethodHandleAccessor.java:103)
Caused by: com.kms.katalon.core.webui.exception.WebElementNotFoundException: Web element with id: 'Object Repository/Page_Work Order  View- Workforce Manager/div_Hi there, For line manager escalation or app' located by 'By.xpath: //*[@class and contains(concat(' ', normalize-space(@class), ' '), ' assign-modal-alert ')]' not found
	at com.kms.katalon.core.webui.model.WebUiElementFinder.findElementByNormalMethods(WebUiElementFinder.java:201)
	at com.kms.katalon.core.webui.model.WebUiElementFinder.findElementsBySelectedMethod(WebUiElementFinder.java:99)
	at com.kms.katalon.core.webui.model.WebUiElementFinder.findElementsBySelectedMethod(WebUiElementFinder.java:82)
	at com.kms.katalon.core.webui.model.WebUiElementFinder.findElementsBySelectedMethod(WebUiElementFinder.java:77)
	at com.kms.katalon.core.webui.model.WebUiElementFinder.findElement(WebUiElementFinder.java:51)
	at com.kms.katalon.core.webui.model.WebUiElementFinderWithTimeout.basicFindElement(WebUiElementFinderWithTimeout.java:51)
	at com.kms.katalon.core.webui.model.WebUiElementFinderWithTimeout.lambda$0(WebUiElementFinderWithTimeout.java:29)
	at com.kms.katalon.core.webui.model.SeleniumActionRetryController.performAction(SeleniumActionRetryController.java:96)
	at com.kms.katalon.core.webui.model.SeleniumActionRetryController.performAction(SeleniumActionRetryController.java:83)
	at com.kms.katalon.core.webui.model.WebUiElementFinderWithTimeout.findElement(WebUiElementFinderWithTimeout.java:28)
	at com.kms.katalon.core.webui.keyword.internal.WebUIAbstractKeyword.lambda$1(WebUIAbstractKeyword.java:119)
	at com.kms.katalon.core.webui.model.SeleniumActionRetryController.performAction(SeleniumActionRetryController.java:96)
	at com.kms.katalon.core.webui.model.SeleniumActionRetryController.performAction(SeleniumActionRetryController.java:83)
	at com.kms.katalon.core.webui.model.SeleniumActionRetryController.retry(SeleniumActionRetryController.java:49)
	at com.kms.katalon.core.webui.model.SeleniumActionRetryController.retry(SeleniumActionRetryController.java:44)
	at com.kms.katalon.core.webui.keyword.internal.WebUIAbstractKeyword.findWebElement(WebUIAbstractKeyword.java:116)
	at com.kms.katalon.core.webui.keyword.builtin.ClickKeyword$_click_closure1.doCall(ClickKeyword.groovy:52)
	at java.base/jdk.internal.reflect.DirectMethodHandleAccessor.invoke(DirectMethodHandleAccessor.java:103)
	at jdk.proxy2/jdk.proxy2.$Proxy56.execute(Unknown Source)
	at com.kms.katalon.core.webui.model.SeleniumActionRetryController.performAction(SeleniumActionRetryController.java:96)
	at com.kms.katalon.core.webui.model.SeleniumActionRetryController.performAction(SeleniumActionRetryController.java:83)
	at com.kms.katalon.core.webui.keyword.internal.WebUIKeywordMain$_runKeywordUntilTimeout_closure1.doCall(WebUIKeywordMain.groovy:135)
	at com.kms.katalon.core.webui.keyword.internal.WebUIKeywordMain$_runKeywordUntilTimeout_closure1.call(WebUIKeywordMain.groovy)
	at com.kms.katalon.core.webui.keyword.internal.WebUIKeywordMain.runKeyword(WebUIKeywordMain.groovy:41)
	at com.kms.katalon.core.webui.keyword.internal.WebUIKeywordMain.runKeywordUntilTimeout(WebUIKeywordMain.groovy:133)
	at com.kms.katalon.core.webui.keyword.builtin.ClickKeyword.click(ClickKeyword.groovy:72)
	at com.kms.katalon.core.webui.keyword.builtin.ClickKeyword.execute(ClickKeyword.groovy:38)
	at com.kms.katalon.core.keyword.internal.KeywordExecutor.executeKeywordForPlatform(KeywordExecutor.groovy:99)
	at com.kms.katalon.core.webui.keyword.WebUiBuiltInKeywords.click(WebUiBuiltInKeywords.groovy:722)
	at Script1779529027086.run(Script1779529027086.groovy:30)
	... 16 more
)
[[ATTACHMENT|C:\\Users\\CROWN-STAFF\\git\\convergence-qa-tests\\Reports\\20260526_220017\\Survey_suite_model\\20260526_220018\\1779829991635.png]]]]></system-out>
         <system-err><![CDATA[26-05-2026T22:12:15 - [TEST_CASE][FAILED] - Test Cases/TaskActions/Comments/TC_Add_Comment: Test Cases/TaskActions/Comments/TC_Add_Comment FAILED.
Reason:
com.kms.katalon.core.exception.StepFailedException: Unable to click on object 'Object Repository/Page_Work Order  View- Workforce Manager/div_Hi there, For line manager escalation or app'
	at com.kms.katalon.core.webui.keyword.internal.WebUIKeywordMain.stepFailed(WebUIKeywordMain.groovy:177)
	at com.kms.katalon.core.webui.keyword.internal.WebUIKeywordMain.runKeyword(WebUIKeywordMain.groovy:49)
	at com.kms.katalon.core.webui.keyword.internal.WebUIKeywordMain.runKeywordUntilTimeout(WebUIKeywordMain.groovy:133)
	at com.kms.katalon.core.webui.keyword.builtin.ClickKeyword.click(ClickKeyword.groovy:72)
	at com.kms.katalon.core.webui.keyword.builtin.ClickKeyword.execute(ClickKeyword.groovy:38)
	at com.kms.katalon.core.keyword.internal.KeywordExecutor.executeKeywordForPlatform(KeywordExecutor.groovy:99)
	at com.kms.katalon.core.webui.keyword.WebUiBuiltInKeywords.click(WebUiBuiltInKeywords.groovy:722)
	at TC_Add_Comment.run(TC_Add_Comment:30)
	at com.kms.katalon.core.main.ScriptEngine.run(ScriptEngine.java:203)
	at com.kms.katalon.core.main.ScriptEngine.runScriptAsRawText(ScriptEngine.java:115)
	at com.kms.katalon.core.main.TestCaseExecutor.runScript(TestCaseExecutor.java:504)
	at com.kms.katalon.core.main.TestCaseExecutor.doExecute(TestCaseExecutor.java:495)
	at com.kms.katalon.core.main.TestCaseExecutor.processExecutionPhase(TestCaseExecutor.java:474)
	at com.kms.katalon.core.main.TestCaseExecutor.accessMainPhase(TestCaseExecutor.java:466)
	at com.kms.katalon.core.main.TestCaseExecutor.execute(TestCaseExecutor.java:336)
	at com.kms.katalon.core.main.TestCaseExecutor.execute(TestCaseExecutor.java:424)
	at com.kms.katalon.core.main.TestCaseExecutor.execute(TestCaseExecutor.java:424)
	at com.kms.katalon.core.main.TestCaseExecutor.execute(TestCaseExecutor.java:424)
	at com.kms.katalon.core.common.CommonExecutor.accessTestCaseMainPhase(CommonExecutor.java:71)
	at com.kms.katalon.core.main.TestSuiteExecutor.accessTestSuiteMainPhase(TestSuiteExecutor.java:153)
	at com.kms.katalon.core.main.TestSuiteExecutor.execute(TestSuiteExecutor.java:110)
	at com.kms.katalon.core.main.TestCaseMain.startTestSuite(TestCaseMain.java:206)
	at S0526_51.run(S0526_51.groovy:40)
	at java.base/jdk.internal.reflect.DirectMethodHandleAccessor.invoke(DirectMethodHandleAccessor.java:103)
Caused by: com.kms.katalon.core.webui.exception.WebElementNotFoundException: Web element with id: 'Object Repository/Page_Work Order  View- Workforce Manager/div_Hi there, For line manager escalation or app' located by 'By.xpath: //*[@class and contains(concat(' ', normalize-space(@class), ' '), ' assign-modal-alert ')]' not found
	at com.kms.katalon.core.webui.model.WebUiElementFinder.findElementByNormalMethods(WebUiElementFinder.java:201)
	at com.kms.katalon.core.webui.model.WebUiElementFinder.findElementsBySelectedMethod(WebUiElementFinder.java:99)
	at com.kms.katalon.core.webui.model.WebUiElementFinder.findElementsBySelectedMethod(WebUiElementFinder.java:82)
	at com.kms.katalon.core.webui.model.WebUiElementFinder.findElementsBySelectedMethod(WebUiElementFinder.java:77)
	at com.kms.katalon.core.webui.model.WebUiElementFinder.findElement(WebUiElementFinder.java:51)
	at com.kms.katalon.core.webui.model.WebUiElementFinderWithTimeout.basicFindElement(WebUiElementFinderWithTimeout.java:51)
	at com.kms.katalon.core.webui.model.WebUiElementFinderWithTimeout.lambda$0(WebUiElementFinderWithTimeout.java:29)
	at com.kms.katalon.core.webui.model.SeleniumActionRetryController.performAction(SeleniumActionRetryController.java:96)
	at com.kms.katalon.core.webui.model.SeleniumActionRetryController.performAction(SeleniumActionRetryController.java:83)
	at com.kms.katalon.core.webui.model.WebUiElementFinderWithTimeout.findElement(WebUiElementFinderWithTimeout.java:28)
	at com.kms.katalon.core.webui.keyword.internal.WebUIAbstractKeyword.lambda$1(WebUIAbstractKeyword.java:119)
	at com.kms.katalon.core.webui.model.SeleniumActionRetryController.performAction(SeleniumActionRetryController.java:96)
	at com.kms.katalon.core.webui.model.SeleniumActionRetryController.performAction(SeleniumActionRetryController.java:83)
	at com.kms.katalon.core.webui.model.SeleniumActionRetryController.retry(SeleniumActionRetryController.java:49)
	at com.kms.katalon.core.webui.model.SeleniumActionRetryController.retry(SeleniumActionRetryController.java:44)
	at com.kms.katalon.core.webui.keyword.internal.WebUIAbstractKeyword.findWebElement(WebUIAbstractKeyword.java:116)
	at com.kms.katalon.core.webui.keyword.builtin.ClickKeyword$_click_closure1.doCall(ClickKeyword.groovy:52)
	at java.base/jdk.internal.reflect.DirectMethodHandleAccessor.invoke(DirectMethodHandleAccessor.java:103)
	at jdk.proxy2/jdk.proxy2.$Proxy56.execute(Unknown Source)
	at com.kms.katalon.core.webui.model.SeleniumActionRetryController.performAction(SeleniumActionRetryController.java:96)
	at com.kms.katalon.core.webui.model.SeleniumActionRetryController.performAction(SeleniumActionRetryController.java:83)
	at com.kms.katalon.core.webui.keyword.internal.WebUIKeywordMain$_runKeywordUntilTimeout_closure1.doCall(WebUIKeywordMain.groovy:135)
	at com.kms.katalon.core.webui.keyword.internal.WebUIKeywordMain$_runKeywordUntilTimeout_closure1.call(WebUIKeywordMain.groovy)
	at com.kms.katalon.core.webui.keyword.internal.WebUIKeywordMain.runKeyword(WebUIKeywordMain.groovy:41)
	... 22 more]]></system-err>
      </testcase>
      <system-out><![CDATA[26-05-2026T22:01:13 - [TEST_SUITE][FAILED] - Survey_suite_model: null]]></system-out>
      <system-err><![CDATA[26-05-2026T22:01:13 - [TEST_SUITE][FAILED] - Survey_suite_model: null]]></system-err>
   </testsuite>
</testsuites>
