<?xml version="1.0" encoding="UTF-8"?>
<testsuites name="Survey_suite_model" time="23.309" tests="2" passed="2" failures="0" errors="0" incompleted="0" skipped="0">
   <testsuite name="Survey_suite_model" tests="2" passed="2" failures="0" errors="0" incompleted="0" skipped="0" time="23.309" timestamp="2026-05-18T18:46:46.541Z" hostname="CROWN-STAFF - DESKTOP-4SI0S1N" id="Test Suites/Survey_suite_model" status="PASSED">
      <properties>
         <property name="deviceName" value=""/>
         <property name="devicePlatform"/>
         <property name="logFolder" value="C:\\Users\\CROWN-STAFF\\git\\convergence-qa-tests\\Reports\\20260518_194637\\Survey_suite_model\\20260518_194637"/>
         <property name="logFiles" value="C:\\Users\\CROWN-STAFF\\git\\convergence-qa-tests\\Reports\\20260518_194637\\Survey_suite_model\\20260518_194637\\console0.log, C:\\Users\\CROWN-STAFF\\git\\convergence-qa-tests\\Reports\\20260518_194637\\Survey_suite_model\\20260518_194637\\execution0.log"/>
         <property name="attachments" value=""/>
         <property name="executionBindingVariables" value="[]"/>
         <property name="hostName" value="CROWN-STAFF - DESKTOP-4SI0S1N"/>
         <property name="os" value="Windows 11 64bit"/>
         <property name="katalonVersion" value="11.1.3.0"/>
         <property name="browser" value="Chrome 148.0.7778.168"/>
         <property name="userFullName" value="Chinwuba Okafor"/>
         <property name="hostAddress" value="192.168.100.9"/>
         <property name="sessionId" value="e86ac361c155c346b36c6a2aebedd7fd"/>
         <property name="projectName" value="convergence-qa-tests"/>
         <property name="seleniumVersion" value="4.39.0"/>
         <property name="proxyInformation" value="ProxyInformation { proxyOption=NO_PROXY, proxyServerType=HTTP, username=, password=********, proxyServerAddress=, proxyServerPort=0, executionList=&quot;&quot;, isApplyToDesiredCapabilities=true }"/>
         <property name="platform" value="Windows 11"/>
      </properties>
      <testcase name="Test Cases/Login/Login with Invalid Credentials_Wrong Password" time="14.26" classname="Test Cases/Login/Login with Invalid Credentials_Wrong Password" status="PASSED">
         <system-out><![CDATA[18-05-2026T19:46:46 - [TEST_CASE][PASSED] - Test Cases/Login/Login with Invalid Credentials_Wrong Password: Test Cases/Login/Login with Invalid Credentials_Wrong Password

18-05-2026T19:46:47 - [TEST_STEP][PASSED] - openBrowser(""): Browser is opened with url: ''

18-05-2026T19:46:47 - [MESSAGE][INFO] - Starting 'Chrome' driver

18-05-2026T19:46:47 - [MESSAGE][INFO] - Action delay is set to 0 milliseconds

18-05-2026T19:46:53 - [MESSAGE][PASSED] - Browser is opened with url: ''

18-05-2026T19:46:53 - [TEST_STEP][PASSED] - navigateToUrl("https://convergenceondemand.com/login"): Navigate to 'https://convergenceondemand.com/login' successfully

18-05-2026T19:46:54 - [MESSAGE][PASSED] - Navigate to 'https://convergenceondemand.com/login' successfully

18-05-2026T19:46:54 - [TEST_STEP][PASSED] - openBrowser(""): Browser is opened with url: ''

18-05-2026T19:46:54 - [MESSAGE][WARNING] - A browser is already opened. Closing browser and opening a new one

18-05-2026T19:46:54 - [MESSAGE][INFO] - Starting 'Chrome' driver

18-05-2026T19:46:54 - [MESSAGE][INFO] - Action delay is set to 0 milliseconds

18-05-2026T19:46:55 - [MESSAGE][PASSED] - Browser is opened with url: ''

18-05-2026T19:46:55 - [TEST_STEP][PASSED] - navigateToUrl("https://convergenceondemand.com/login"): Navigate to 'https://convergenceondemand.com/login' successfully

18-05-2026T19:46:56 - [MESSAGE][PASSED] - Navigate to 'https://convergenceondemand.com/login' successfully

18-05-2026T19:46:56 - [TEST_STEP][PASSED] - setText(findTestObject("Page_1Government Login/input_Enter your MDA"), "govtest"): Text 'govtest' is set on object 'Object Repository/Page_1Government Login/input_Enter your MDA'

18-05-2026T19:46:58 - [MESSAGE][PASSED] - Text 'govtest' is set on object 'Object Repository/Page_1Government Login/input_Enter your MDA'

18-05-2026T19:46:58 - [TEST_STEP][PASSED] - setText(findTestObject("Page_1Government Login/input_Enter Email"), "apisupport@cicod.com"): Text 'apisupport@cicod.com' is set on object 'Object Repository/Page_1Government Login/input_Enter Email'

18-05-2026T19:46:59 - [MESSAGE][PASSED] - Text 'apisupport@cicod.com' is set on object 'Object Repository/Page_1Government Login/input_Enter Email'

18-05-2026T19:46:59 - [TEST_STEP][PASSED] - setEncryptedText(findTestObject("Page_1Government Login/input_Enter password"), "4nvbrPglk7k="): Text ****** has been set on object 'Object Repository/Page_1Government Login/input_Enter password'

18-05-2026T19:47:00 - [MESSAGE][PASSED] - Text ****** has been set on object 'Object Repository/Page_1Government Login/input_Enter password'

18-05-2026T19:47:00 - [TEST_STEP][PASSED] - click(findTestObject("Page_1Government Login/button_Login")): Object: 'Object Repository/Page_1Government Login/button_Login' is clicked on

18-05-2026T19:47:01 - [MESSAGE][PASSED] - Object: 'Object Repository/Page_1Government Login/button_Login' is clicked on]]></system-out>
         <system-err><![CDATA[]]></system-err>
      </testcase>
      <testcase name="Test Cases/Login/Login With Valid Credentials" time="8.811" classname="Test Cases/Login/Login With Valid Credentials" status="PASSED">
         <system-out><![CDATA[18-05-2026T19:47:01 - [TEST_CASE][PASSED] - Test Cases/Login/Login With Valid Credentials: Test Cases/Login/Login With Valid Credentials

18-05-2026T19:47:01 - [TEST_STEP][PASSED] - openBrowser(""): Browser is opened with url: ''

18-05-2026T19:47:01 - [MESSAGE][WARNING] - A browser is already opened. Closing browser and opening a new one

18-05-2026T19:47:01 - [MESSAGE][INFO] - Starting 'Chrome' driver

18-05-2026T19:47:01 - [MESSAGE][INFO] - Action delay is set to 0 milliseconds

18-05-2026T19:47:03 - [MESSAGE][PASSED] - Browser is opened with url: ''

18-05-2026T19:47:03 - [TEST_STEP][PASSED] - navigateToUrl("https://convergenceondemand.com/login"): Navigate to 'https://convergenceondemand.com/login' successfully

18-05-2026T19:47:03 - [MESSAGE][PASSED] - Navigate to 'https://convergenceondemand.com/login' successfully

18-05-2026T19:47:03 - [TEST_STEP][PASSED] - openBrowser(""): Browser is opened with url: ''

18-05-2026T19:47:03 - [MESSAGE][WARNING] - A browser is already opened. Closing browser and opening a new one

18-05-2026T19:47:04 - [MESSAGE][INFO] - Starting 'Chrome' driver

18-05-2026T19:47:04 - [MESSAGE][INFO] - Action delay is set to 0 milliseconds

18-05-2026T19:47:05 - [MESSAGE][PASSED] - Browser is opened with url: ''

18-05-2026T19:47:05 - [TEST_STEP][PASSED] - navigateToUrl("https://convergenceondemand.com/login"): Navigate to 'https://convergenceondemand.com/login' successfully

18-05-2026T19:47:06 - [MESSAGE][PASSED] - Navigate to 'https://convergenceondemand.com/login' successfully

18-05-2026T19:47:06 - [TEST_STEP][PASSED] - setText(findTestObject("Page_1Government Login/input_Enter your MDA"), "govtest"): Text 'govtest' is set on object 'Object Repository/Page_1Government Login/input_Enter your MDA'

18-05-2026T19:47:07 - [MESSAGE][PASSED] - Text 'govtest' is set on object 'Object Repository/Page_1Government Login/input_Enter your MDA'

18-05-2026T19:47:07 - [TEST_STEP][PASSED] - setText(findTestObject("Page_1Government Login/input_Enter Email"), "apisupport@cicod.com"): Text 'apisupport@cicod.com' is set on object 'Object Repository/Page_1Government Login/input_Enter Email'

18-05-2026T19:47:08 - [MESSAGE][PASSED] - Text 'apisupport@cicod.com' is set on object 'Object Repository/Page_1Government Login/input_Enter Email'

18-05-2026T19:47:08 - [TEST_STEP][PASSED] - setEncryptedText(findTestObject("Page_1Government Login/input_Enter password"), "9zJdpvfgkgtFa8MQRHGI0w=="): Text ****** has been set on object 'Object Repository/Page_1Government Login/input_Enter password'

18-05-2026T19:47:09 - [MESSAGE][PASSED] - Text ****** has been set on object 'Object Repository/Page_1Government Login/input_Enter password'

18-05-2026T19:47:09 - [TEST_STEP][PASSED] - click(findTestObject("Page_1Government Login/button_Login")): Object: 'Object Repository/Page_1Government Login/button_Login' is clicked on

18-05-2026T19:47:09 - [MESSAGE][PASSED] - Object: 'Object Repository/Page_1Government Login/button_Login' is clicked on]]></system-out>
         <system-err><![CDATA[]]></system-err>
      </testcase>
      <system-out><![CDATA[18-05-2026T19:46:46 - [TEST_SUITE][PASSED] - Survey_suite_model: null]]></system-out>
      <system-err><![CDATA[]]></system-err>
   </testsuite>
</testsuites>
