<?xml version="1.0" encoding="UTF-8"?>
<testsuites name="Survey_suite_model" time="129.72" tests="3" passed="3" failures="0" errors="0" incompleted="0" skipped="0">
   <testsuite name="Survey_suite_model" tests="3" passed="3" failures="0" errors="0" incompleted="0" skipped="0" time="129.72" timestamp="2026-05-19T07:33:40.629Z" hostname="CROWN-STAFF - DESKTOP-4SI0S1N" id="Test Suites/Survey_suite_model" status="PASSED">
      <properties>
         <property name="deviceName" value=""/>
         <property name="devicePlatform"/>
         <property name="logFolder" value="C:\\Users\\CROWN-STAFF\\git\\convergence-qa-tests\\Reports\\20260519_083323\\Survey_suite_model\\20260519_083323"/>
         <property name="logFiles" value="C:\\Users\\CROWN-STAFF\\git\\convergence-qa-tests\\Reports\\20260519_083323\\Survey_suite_model\\20260519_083323\\console0.log, C:\\Users\\CROWN-STAFF\\git\\convergence-qa-tests\\Reports\\20260519_083323\\Survey_suite_model\\20260519_083323\\execution0.log"/>
         <property name="attachments" value=""/>
         <property name="executionBindingVariables" value="[]"/>
         <property name="hostName" value="CROWN-STAFF - DESKTOP-4SI0S1N"/>
         <property name="os" value="Windows 11 64bit"/>
         <property name="katalonVersion" value="11.1.3.0"/>
         <property name="browser" value="Chrome 148.0.7778.168"/>
         <property name="userFullName" value="Chinwuba Okafor"/>
         <property name="hostAddress" value="192.168.2.111"/>
         <property name="sessionId" value="67f4efb509f94a58e06a12d4f7917784"/>
         <property name="projectName" value="convergence-qa-tests"/>
         <property name="seleniumVersion" value="4.39.0"/>
         <property name="proxyInformation" value="ProxyInformation { proxyOption=NO_PROXY, proxyServerType=HTTP, username=, password=********, proxyServerAddress=, proxyServerPort=0, executionList=&quot;&quot;, isApplyToDesiredCapabilities=true }"/>
         <property name="platform" value="Windows 11"/>
      </properties>
      <testcase name="Test Cases/Login/Login with Invalid Credentials_Wrong Password" time="58.749" classname="Test Cases/Login/Login with Invalid Credentials_Wrong Password" status="PASSED">
         <system-out><![CDATA[19-05-2026T08:33:41 - [TEST_CASE][PASSED] - Test Cases/Login/Login with Invalid Credentials_Wrong Password: Test Cases/Login/Login with Invalid Credentials_Wrong Password

19-05-2026T08:33:42 - [TEST_STEP][PASSED] - openBrowser(""): Browser is opened with url: ''

19-05-2026T08:33:43 - [MESSAGE][INFO] - Starting 'Chrome' driver

19-05-2026T08:33:43 - [MESSAGE][INFO] - Action delay is set to 0 milliseconds

19-05-2026T08:33:52 - [MESSAGE][PASSED] - Browser is opened with url: ''

19-05-2026T08:33:52 - [TEST_STEP][PASSED] - navigateToUrl("https://convergenceondemand.com/login"): Navigate to 'https://convergenceondemand.com/login' successfully

19-05-2026T08:33:55 - [MESSAGE][PASSED] - Navigate to 'https://convergenceondemand.com/login' successfully

19-05-2026T08:33:55 - [TEST_STEP][PASSED] - openBrowser(""): Browser is opened with url: ''

19-05-2026T08:33:55 - [MESSAGE][WARNING] - A browser is already opened. Closing browser and opening a new one

19-05-2026T08:34:26 - [MESSAGE][INFO] - Starting 'Chrome' driver

19-05-2026T08:34:26 - [MESSAGE][INFO] - Action delay is set to 0 milliseconds

19-05-2026T08:34:30 - [MESSAGE][PASSED] - Browser is opened with url: ''

19-05-2026T08:34:30 - [TEST_STEP][PASSED] - navigateToUrl("https://convergenceondemand.com/login"): Navigate to 'https://convergenceondemand.com/login' successfully

19-05-2026T08:34:32 - [MESSAGE][PASSED] - Navigate to 'https://convergenceondemand.com/login' successfully

19-05-2026T08:34:32 - [TEST_STEP][PASSED] - setText(findTestObject("Page_1Government Login/input_Enter your MDA"), "govtest"): Text 'govtest' is set on object 'Object Repository/Page_1Government Login/input_Enter your MDA'

19-05-2026T08:34:35 - [MESSAGE][PASSED] - Text 'govtest' is set on object 'Object Repository/Page_1Government Login/input_Enter your MDA'

19-05-2026T08:34:35 - [TEST_STEP][PASSED] - setText(findTestObject("Page_1Government Login/input_Enter Email"), "apisupport@cicod.com"): Text 'apisupport@cicod.com' is set on object 'Object Repository/Page_1Government Login/input_Enter Email'

19-05-2026T08:34:37 - [MESSAGE][PASSED] - Text 'apisupport@cicod.com' is set on object 'Object Repository/Page_1Government Login/input_Enter Email'

19-05-2026T08:34:37 - [TEST_STEP][PASSED] - setEncryptedText(findTestObject("Page_1Government Login/input_Enter password"), "4nvbrPglk7k="): Text ****** has been set on object 'Object Repository/Page_1Government Login/input_Enter password'

19-05-2026T08:34:38 - [MESSAGE][PASSED] - Text ****** has been set on object 'Object Repository/Page_1Government Login/input_Enter password'

19-05-2026T08:34:38 - [TEST_STEP][PASSED] - click(findTestObject("Page_1Government Login/button_Login")): Object: 'Object Repository/Page_1Government Login/button_Login' is clicked on

19-05-2026T08:34:40 - [MESSAGE][PASSED] - Object: 'Object Repository/Page_1Government Login/button_Login' is clicked on]]></system-out>
         <system-err><![CDATA[]]></system-err>
      </testcase>
      <testcase name="Test Cases/Login/Login With Valid Credentials" time="23.08" classname="Test Cases/Login/Login With Valid Credentials" status="PASSED">
         <system-out><![CDATA[19-05-2026T08:34:40 - [TEST_CASE][PASSED] - Test Cases/Login/Login With Valid Credentials: Test Cases/Login/Login With Valid Credentials

19-05-2026T08:34:40 - [TEST_STEP][PASSED] - openBrowser(""): Browser is opened with url: ''

19-05-2026T08:34:40 - [MESSAGE][WARNING] - A browser is already opened. Closing browser and opening a new one

19-05-2026T08:34:41 - [MESSAGE][INFO] - Starting 'Chrome' driver

19-05-2026T08:34:41 - [MESSAGE][INFO] - Action delay is set to 0 milliseconds

19-05-2026T08:34:44 - [MESSAGE][PASSED] - Browser is opened with url: ''

19-05-2026T08:34:44 - [TEST_STEP][PASSED] - navigateToUrl("https://convergenceondemand.com/login"): Navigate to 'https://convergenceondemand.com/login' successfully

19-05-2026T08:34:45 - [MESSAGE][PASSED] - Navigate to 'https://convergenceondemand.com/login' successfully

19-05-2026T08:34:45 - [TEST_STEP][PASSED] - openBrowser(""): Browser is opened with url: ''

19-05-2026T08:34:45 - [MESSAGE][WARNING] - A browser is already opened. Closing browser and opening a new one

19-05-2026T08:34:46 - [MESSAGE][INFO] - Starting 'Chrome' driver

19-05-2026T08:34:46 - [MESSAGE][INFO] - Action delay is set to 0 milliseconds

19-05-2026T08:34:48 - [MESSAGE][PASSED] - Browser is opened with url: ''

19-05-2026T08:34:48 - [TEST_STEP][PASSED] - navigateToUrl("https://convergenceondemand.com/login"): Navigate to 'https://convergenceondemand.com/login' successfully

19-05-2026T08:34:56 - [MESSAGE][PASSED] - Navigate to 'https://convergenceondemand.com/login' successfully

19-05-2026T08:34:56 - [TEST_STEP][PASSED] - setText(findTestObject("Page_1Government Login/input_Enter your MDA"), "govtest"): Text 'govtest' is set on object 'Object Repository/Page_1Government Login/input_Enter your MDA'

19-05-2026T08:34:57 - [MESSAGE][PASSED] - Text 'govtest' is set on object 'Object Repository/Page_1Government Login/input_Enter your MDA'

19-05-2026T08:34:58 - [TEST_STEP][PASSED] - setText(findTestObject("Page_1Government Login/input_Enter Email"), "apisupport@cicod.com"): Text 'apisupport@cicod.com' is set on object 'Object Repository/Page_1Government Login/input_Enter Email'

19-05-2026T08:34:59 - [MESSAGE][PASSED] - Text 'apisupport@cicod.com' is set on object 'Object Repository/Page_1Government Login/input_Enter Email'

19-05-2026T08:35:01 - [TEST_STEP][PASSED] - setEncryptedText(findTestObject("Page_1Government Login/input_Enter password"), "9zJdpvfgkgtFa8MQRHGI0w=="): Text ****** has been set on object 'Object Repository/Page_1Government Login/input_Enter password'

19-05-2026T08:35:02 - [MESSAGE][PASSED] - Text ****** has been set on object 'Object Repository/Page_1Government Login/input_Enter password'

19-05-2026T08:35:02 - [TEST_STEP][PASSED] - click(findTestObject("Page_1Government Login/button_Login")): Object: 'Object Repository/Page_1Government Login/button_Login' is clicked on

19-05-2026T08:35:03 - [MESSAGE][PASSED] - Object: 'Object Repository/Page_1Government Login/button_Login' is clicked on]]></system-out>
         <system-err><![CDATA[]]></system-err>
      </testcase>
      <testcase name="Test Cases/Login/Login with Invalid Credentials_ Empty Username" time="47.043" classname="Test Cases/Login/Login with Invalid Credentials_ Empty Username" status="PASSED">
         <system-out><![CDATA[19-05-2026T08:35:03 - [TEST_CASE][PASSED] - Test Cases/Login/Login with Invalid Credentials_ Empty Username: Test Cases/Login/Login with Invalid Credentials_ Empty Username

19-05-2026T08:35:03 - [TEST_STEP][PASSED] - openBrowser(""): Browser is opened with url: ''

19-05-2026T08:35:03 - [MESSAGE][WARNING] - A browser is already opened. Closing browser and opening a new one

19-05-2026T08:35:34 - [MESSAGE][INFO] - Starting 'Chrome' driver

19-05-2026T08:35:34 - [MESSAGE][INFO] - Action delay is set to 0 milliseconds

19-05-2026T08:35:36 - [MESSAGE][PASSED] - Browser is opened with url: ''

19-05-2026T08:35:36 - [TEST_STEP][PASSED] - navigateToUrl("https://convergenceondemand.com/login"): Navigate to 'https://convergenceondemand.com/login' successfully

19-05-2026T08:35:37 - [MESSAGE][PASSED] - Navigate to 'https://convergenceondemand.com/login' successfully

19-05-2026T08:35:37 - [TEST_STEP][PASSED] - click(findTestObject("Page_1Government Login/input_Enter your MDA")): Object: 'Object Repository/Page_1Government Login/input_Enter your MDA' is clicked on

19-05-2026T08:35:38 - [MESSAGE][PASSED] - Object: 'Object Repository/Page_1Government Login/input_Enter your MDA' is clicked on

19-05-2026T08:35:38 - [TEST_STEP][PASSED] - setText(findTestObject("Page_1Government Login/input_Enter Email"), "apisupport@cicod.com"): Text 'apisupport@cicod.com' is set on object 'Object Repository/Page_1Government Login/input_Enter Email'

19-05-2026T08:35:39 - [MESSAGE][PASSED] - Text 'apisupport@cicod.com' is set on object 'Object Repository/Page_1Government Login/input_Enter Email'

19-05-2026T08:35:39 - [TEST_STEP][PASSED] - setEncryptedText(findTestObject("Page_1Government Login/input_Enter password"), "9zJdpvfgkgtFa8MQRHGI0w=="): Text ****** has been set on object 'Object Repository/Page_1Government Login/input_Enter password'

19-05-2026T08:35:40 - [MESSAGE][PASSED] - Text ****** has been set on object 'Object Repository/Page_1Government Login/input_Enter password'

19-05-2026T08:35:40 - [TEST_STEP][PASSED] - click(findTestObject("Page_1Government Login/button_Login")): Object: 'Object Repository/Page_1Government Login/button_Login' is clicked on

19-05-2026T08:35:50 - [MESSAGE][WARNING] - Waiting for element timed out

19-05-2026T08:35:50 - [MESSAGE][PASSED] - Object: 'Object Repository/Page_1Government Login/button_Login' is clicked on]]></system-out>
         <system-err><![CDATA[]]></system-err>
      </testcase>
      <system-out><![CDATA[19-05-2026T08:33:40 - [TEST_SUITE][PASSED] - Survey_suite_model: null]]></system-out>
      <system-err><![CDATA[]]></system-err>
   </testsuite>
</testsuites>
